{"uuid":"3037f807-9c64-483a-baff-931ddf2ba337","historyId":"616d39bdc3c8ad0537e8c7e70bfd163d","fullName":"com.newddsdiscounts.tests.DdsDiscounts.testDdsDiscounts","labels":[{"name":"package","value":"com.newddsdiscounts.tests.DdsDiscounts"},{"name":"testClass","value":"com.newddsdiscounts.tests.DdsDiscounts"},{"name":"testMethod","value":"testDdsDiscounts"},{"name":"parentSuite","value":"Default Suite"},{"name":"suite","value":"newddsdiscounts"},{"name":"subSuite","value":"com.newddsdiscounts.tests.DdsDiscounts"},{"name":"host","value":"Yusufs-MacBook-Pro-2.local"},{"name":"thread","value":"81031@Yusufs-MacBook-Pro-2.local.main(1)"},{"name":"framework","value":"testng"},{"name":"language","value":"java"},{"name":"severity","value":"critical"}],"links":[],"name":"testDdsDiscounts","status":"broken","statusDetails":{"known":false,"muted":false,"flaky":false,"message":"element click intercepted: Element <button role=\"button\" class=\"dropdown-item btn\" data-filterid=\"81658,125903\" data-filterslug=\"for-the-home\" type=\"button\" aria-pressed=\"false\">...</button> is not clickable at point (1266, 669). Other element would receive the click: <div id=\"onetrust-button-group\">...</div>\n  (Session info: chrome=123.0.6312.124)\nBuild info: version: '4.19.1', revision: 'abe0ee07dc'\nSystem info: os.name: 'Mac OS X', os.arch: 'aarch64', os.version: '14.2.1', java.version: '22'\nDriver info: org.openqa.selenium.chrome.ChromeDriver\nCommand: [672c6d38e47dac6cb0d557d1499cb85b, clickElement {id=f.6D7E1966A7D10E5EDAE03AAA1EA8D95A.d.E1CEBD64510FEA8EA17C64E88EBE821B.e.1516}]\nCapabilities {acceptInsecureCerts: false, browserName: chrome, browserVersion: 123.0.6312.124, chrome: {chromedriverVersion: 123.0.6312.122 (31f8248cdd9..., userDataDir: /var/folders/rw/q3wn8k015zl...}, fedcm:accounts: true, goog:chromeOptions: {debuggerAddress: localhost:55409}, networkConnectionEnabled: false, pageLoadStrategy: normal, platformName: mac, proxy: Proxy(), se:cdp: ws://localhost:55409/devtoo..., se:cdpVersion: 123.0.6312.124, setWindowRect: true, strictFileInteractability: false, timeouts: {implicit: 0, pageLoad: 300000, script: 30000}, unhandledPromptBehavior: dismiss and notify, webauthn:extension:credBlob: true, webauthn:extension:largeBlob: true, webauthn:extension:minPinLength: true, webauthn:extension:prf: true, webauthn:virtualAuthenticators: true}\nElement: [[ChromeDriver: chrome on mac (672c6d38e47dac6cb0d557d1499cb85b)] -> xpath: //button[@data-filterslug='for-the-home']]\nSession ID: 672c6d38e47dac6cb0d557d1499cb85b","trace":"org.openqa.selenium.ElementClickInterceptedException: element click intercepted: Element <button role=\"button\" class=\"dropdown-item btn\" data-filterid=\"81658,125903\" data-filterslug=\"for-the-home\" type=\"button\" aria-pressed=\"false\">...</button> is not clickable at point (1266, 669). Other element would receive the click: <div id=\"onetrust-button-group\">...</div>\n  (Session info: chrome=123.0.6312.124)\nBuild info: version: '4.19.1', revision: 'abe0ee07dc'\nSystem info: os.name: 'Mac OS X', os.arch: 'aarch64', os.version: '14.2.1', java.version: '22'\nDriver info: org.openqa.selenium.chrome.ChromeDriver\nCommand: [672c6d38e47dac6cb0d557d1499cb85b, clickElement {id=f.6D7E1966A7D10E5EDAE03AAA1EA8D95A.d.E1CEBD64510FEA8EA17C64E88EBE821B.e.1516}]\nCapabilities {acceptInsecureCerts: false, browserName: chrome, browserVersion: 123.0.6312.124, chrome: {chromedriverVersion: 123.0.6312.122 (31f8248cdd9..., userDataDir: /var/folders/rw/q3wn8k015zl...}, fedcm:accounts: true, goog:chromeOptions: {debuggerAddress: localhost:55409}, networkConnectionEnabled: false, pageLoadStrategy: normal, platformName: mac, proxy: Proxy(), se:cdp: ws://localhost:55409/devtoo..., se:cdpVersion: 123.0.6312.124, setWindowRect: true, strictFileInteractability: false, timeouts: {implicit: 0, pageLoad: 300000, script: 30000}, unhandledPromptBehavior: dismiss and notify, webauthn:extension:credBlob: true, webauthn:extension:largeBlob: true, webauthn:extension:minPinLength: true, webauthn:extension:prf: true, webauthn:virtualAuthenticators: true}\nElement: [[ChromeDriver: chrome on mac (672c6d38e47dac6cb0d557d1499cb85b)] -> xpath: //button[@data-filterslug='for-the-home']]\nSession ID: 672c6d38e47dac6cb0d557d1499cb85b\n\tat java.base/jdk.internal.reflect.DirectConstructorHandleAccessor.newInstance(DirectConstructorHandleAccessor.java:62)\n\tat java.base/java.lang.reflect.Constructor.newInstanceWithCaller(Constructor.java:502)\n\tat java.base/java.lang.reflect.Constructor.newInstance(Constructor.java:486)\n\tat org.openqa.selenium.remote.ErrorCodec.decode(ErrorCodec.java:167)\n\tat org.openqa.selenium.remote.codec.w3c.W3CHttpResponseCodec.decode(W3CHttpResponseCodec.java:138)\n\tat org.openqa.selenium.remote.codec.w3c.W3CHttpResponseCodec.decode(W3CHttpResponseCodec.java:50)\n\tat org.openqa.selenium.remote.HttpCommandExecutor.execute(HttpCommandExecutor.java:190)\n\tat org.openqa.selenium.remote.service.DriverCommandExecutor.invokeExecute(DriverCommandExecutor.java:216)\n\tat org.openqa.selenium.remote.service.DriverCommandExecutor.execute(DriverCommandExecutor.java:174)\n\tat org.openqa.selenium.remote.RemoteWebDriver.execute(RemoteWebDriver.java:518)\n\tat org.openqa.selenium.remote.RemoteWebElement.execute(RemoteWebElement.java:223)\n\tat org.openqa.selenium.remote.RemoteWebElement.click(RemoteWebElement.java:76)\n\tat java.base/jdk.internal.reflect.DirectMethodHandleAccessor.invoke(DirectMethodHandleAccessor.java:103)\n\tat java.base/java.lang.reflect.Method.invoke(Method.java:580)\n\tat org.openqa.selenium.support.pagefactory.internal.LocatingElementHandler.invoke(LocatingElementHandler.java:51)\n\tat jdk.proxy2/jdk.proxy2.$Proxy14.click(Unknown Source)\n\tat com.newddsdiscounts.pages.FoundInStorePage.clickFoundInStoreSelectHomeFromDropdown(FoundInStorePage.java:335)\n\tat com.newddsdiscounts.tests.DdsDiscounts.testDdsDiscounts(DdsDiscounts.java:66)\n\tat java.base/jdk.internal.reflect.DirectMethodHandleAccessor.invoke(DirectMethodHandleAccessor.java:103)\n\tat java.base/java.lang.reflect.Method.invoke(Method.java:580)\n\tat org.testng.internal.invokers.MethodInvocationHelper.invokeMethod(MethodInvocationHelper.java:139)\n\tat org.testng.internal.invokers.TestInvoker.invokeMethod(TestInvoker.java:677)\n\tat org.testng.internal.invokers.TestInvoker.invokeTestMethod(TestInvoker.java:221)\n\tat org.testng.internal.invokers.MethodRunner.runInSequence(MethodRunner.java:50)\n\tat org.testng.internal.invokers.TestInvoker$MethodInvocationAgent.invoke(TestInvoker.java:969)\n\tat org.testng.internal.invokers.TestInvoker.invokeTestMethods(TestInvoker.java:194)\n\tat org.testng.internal.invokers.TestMethodWorker.invokeTestMethods(TestMethodWorker.java:148)\n\tat org.testng.internal.invokers.TestMethodWorker.run(TestMethodWorker.java:128)\n\tat java.base/java.util.ArrayList.forEach(ArrayList.java:1597)\n\tat org.testng.TestRunner.privateRun(TestRunner.java:829)\n\tat org.testng.TestRunner.run(TestRunner.java:602)\n\tat org.testng.SuiteRunner.runTest(SuiteRunner.java:437)\n\tat org.testng.SuiteRunner.runSequentially(SuiteRunner.java:431)\n\tat org.testng.SuiteRunner.privateRun(SuiteRunner.java:391)\n\tat org.testng.SuiteRunner.run(SuiteRunner.java:330)\n\tat org.testng.SuiteRunnerWorker.runSuite(SuiteRunnerWorker.java:52)\n\tat org.testng.SuiteRunnerWorker.run(SuiteRunnerWorker.java:95)\n\tat org.testng.TestNG.runSuitesSequentially(TestNG.java:1256)\n\tat org.testng.TestNG.runSuitesLocally(TestNG.java:1176)\n\tat org.testng.TestNG.runSuites(TestNG.java:1099)\n\tat org.testng.TestNG.run(TestNG.java:1067)\n\tat com.intellij.rt.testng.IDEARemoteTestNG.run(IDEARemoteTestNG.java:66)\n\tat com.intellij.rt.testng.RemoteTestNGStarter.main(RemoteTestNGStarter.java:109)\n"},"stage":"finished","steps":[{"name":"Ddsdiscount test","status":"broken","statusDetails":{"known":false,"muted":false,"flaky":false,"message":"element click intercepted: Element <button role=\"button\" class=\"dropdown-item btn\" data-filterid=\"81658,125903\" data-filterslug=\"for-the-home\" type=\"button\" aria-pressed=\"false\">...</button> is not clickable at point (1266, 669). Other element would receive the click: <div id=\"onetrust-button-group\">...</div>\n  (Session info: chrome=123.0.6312.124)\nBuild info: version: '4.19.1', revision: 'abe0ee07dc'\nSystem info: os.name: 'Mac OS X', os.arch: 'aarch64', os.version: '14.2.1', java.version: '22'\nDriver info: org.openqa.selenium.chrome.ChromeDriver\nCommand: [672c6d38e47dac6cb0d557d1499cb85b, clickElement {id=f.6D7E1966A7D10E5EDAE03AAA1EA8D95A.d.E1CEBD64510FEA8EA17C64E88EBE821B.e.1516}]\nCapabilities {acceptInsecureCerts: false, browserName: chrome, browserVersion: 123.0.6312.124, chrome: {chromedriverVersion: 123.0.6312.122 (31f8248cdd9..., userDataDir: /var/folders/rw/q3wn8k015zl...}, fedcm:accounts: true, goog:chromeOptions: {debuggerAddress: localhost:55409}, networkConnectionEnabled: false, pageLoadStrategy: normal, platformName: mac, proxy: Proxy(), se:cdp: ws://localhost:55409/devtoo..., se:cdpVersion: 123.0.6312.124, setWindowRect: true, strictFileInteractability: false, timeouts: {implicit: 0, pageLoad: 300000, script: 30000}, unhandledPromptBehavior: dismiss and notify, webauthn:extension:credBlob: true, webauthn:extension:largeBlob: true, webauthn:extension:minPinLength: true, webauthn:extension:prf: true, webauthn:virtualAuthenticators: true}\nElement: [[ChromeDriver: chrome on mac (672c6d38e47dac6cb0d557d1499cb85b)] -> xpath: //button[@data-filterslug='for-the-home']]\nSession ID: 672c6d38e47dac6cb0d557d1499cb85b","trace":"org.openqa.selenium.ElementClickInterceptedException: element click intercepted: Element <button role=\"button\" class=\"dropdown-item btn\" data-filterid=\"81658,125903\" data-filterslug=\"for-the-home\" type=\"button\" aria-pressed=\"false\">...</button> is not clickable at point (1266, 669). Other element would receive the click: <div id=\"onetrust-button-group\">...</div>\n  (Session info: chrome=123.0.6312.124)\nBuild info: version: '4.19.1', revision: 'abe0ee07dc'\nSystem info: os.name: 'Mac OS X', os.arch: 'aarch64', os.version: '14.2.1', java.version: '22'\nDriver info: org.openqa.selenium.chrome.ChromeDriver\nCommand: [672c6d38e47dac6cb0d557d1499cb85b, clickElement {id=f.6D7E1966A7D10E5EDAE03AAA1EA8D95A.d.E1CEBD64510FEA8EA17C64E88EBE821B.e.1516}]\nCapabilities {acceptInsecureCerts: false, browserName: chrome, browserVersion: 123.0.6312.124, chrome: {chromedriverVersion: 123.0.6312.122 (31f8248cdd9..., userDataDir: /var/folders/rw/q3wn8k015zl...}, fedcm:accounts: true, goog:chromeOptions: {debuggerAddress: localhost:55409}, networkConnectionEnabled: false, pageLoadStrategy: normal, platformName: mac, proxy: Proxy(), se:cdp: ws://localhost:55409/devtoo..., se:cdpVersion: 123.0.6312.124, setWindowRect: true, strictFileInteractability: false, timeouts: {implicit: 0, pageLoad: 300000, script: 30000}, unhandledPromptBehavior: dismiss and notify, webauthn:extension:credBlob: true, webauthn:extension:largeBlob: true, webauthn:extension:minPinLength: true, webauthn:extension:prf: true, webauthn:virtualAuthenticators: true}\nElement: [[ChromeDriver: chrome on mac (672c6d38e47dac6cb0d557d1499cb85b)] -> xpath: //button[@data-filterslug='for-the-home']]\nSession ID: 672c6d38e47dac6cb0d557d1499cb85b\n\tat java.base/jdk.internal.reflect.DirectConstructorHandleAccessor.newInstance(DirectConstructorHandleAccessor.java:62)\n\tat java.base/java.lang.reflect.Constructor.newInstanceWithCaller(Constructor.java:502)\n\tat java.base/java.lang.reflect.Constructor.newInstance(Constructor.java:486)\n\tat org.openqa.selenium.remote.ErrorCodec.decode(ErrorCodec.java:167)\n\tat org.openqa.selenium.remote.codec.w3c.W3CHttpResponseCodec.decode(W3CHttpResponseCodec.java:138)\n\tat org.openqa.selenium.remote.codec.w3c.W3CHttpResponseCodec.decode(W3CHttpResponseCodec.java:50)\n\tat org.openqa.selenium.remote.HttpCommandExecutor.execute(HttpCommandExecutor.java:190)\n\tat org.openqa.selenium.remote.service.DriverCommandExecutor.invokeExecute(DriverCommandExecutor.java:216)\n\tat org.openqa.selenium.remote.service.DriverCommandExecutor.execute(DriverCommandExecutor.java:174)\n\tat org.openqa.selenium.remote.RemoteWebDriver.execute(RemoteWebDriver.java:518)\n\tat org.openqa.selenium.remote.RemoteWebElement.execute(RemoteWebElement.java:223)\n\tat org.openqa.selenium.remote.RemoteWebElement.click(RemoteWebElement.java:76)\n\tat java.base/jdk.internal.reflect.DirectMethodHandleAccessor.invoke(DirectMethodHandleAccessor.java:103)\n\tat java.base/java.lang.reflect.Method.invoke(Method.java:580)\n\tat org.openqa.selenium.support.pagefactory.internal.LocatingElementHandler.invoke(LocatingElementHandler.java:51)\n\tat jdk.proxy2/jdk.proxy2.$Proxy14.click(Unknown Source)\n\tat com.newddsdiscounts.pages.FoundInStorePage.clickFoundInStoreSelectHomeFromDropdown(FoundInStorePage.java:335)\n\tat com.newddsdiscounts.tests.DdsDiscounts.testDdsDiscounts(DdsDiscounts.java:66)\n\tat java.base/jdk.internal.reflect.DirectMethodHandleAccessor.invoke(DirectMethodHandleAccessor.java:103)\n\tat java.base/java.lang.reflect.Method.invoke(Method.java:580)\n\tat org.testng.internal.invokers.MethodInvocationHelper.invokeMethod(MethodInvocationHelper.java:139)\n\tat org.testng.internal.invokers.TestInvoker.invokeMethod(TestInvoker.java:677)\n\tat org.testng.internal.invokers.TestInvoker.invokeTestMethod(TestInvoker.java:221)\n\tat org.testng.internal.invokers.MethodRunner.runInSequence(MethodRunner.java:50)\n\tat org.testng.internal.invokers.TestInvoker$MethodInvocationAgent.invoke(TestInvoker.java:969)\n\tat org.testng.internal.invokers.TestInvoker.invokeTestMethods(TestInvoker.java:194)\n\tat org.testng.internal.invokers.TestMethodWorker.invokeTestMethods(TestMethodWorker.java:148)\n\tat org.testng.internal.invokers.TestMethodWorker.run(TestMethodWorker.java:128)\n\tat java.base/java.util.ArrayList.forEach(ArrayList.java:1597)\n\tat org.testng.TestRunner.privateRun(TestRunner.java:829)\n\tat org.testng.TestRunner.run(TestRunner.java:602)\n\tat org.testng.SuiteRunner.runTest(SuiteRunner.java:437)\n\tat org.testng.SuiteRunner.runSequentially(SuiteRunner.java:431)\n\tat org.testng.SuiteRunner.privateRun(SuiteRunner.java:391)\n\tat org.testng.SuiteRunner.run(SuiteRunner.java:330)\n\tat org.testng.SuiteRunnerWorker.runSuite(SuiteRunnerWorker.java:52)\n\tat org.testng.SuiteRunnerWorker.run(SuiteRunnerWorker.java:95)\n\tat org.testng.TestNG.runSuitesSequentially(TestNG.java:1256)\n\tat org.testng.TestNG.runSuitesLocally(TestNG.java:1176)\n\tat org.testng.TestNG.runSuites(TestNG.java:1099)\n\tat org.testng.TestNG.run(TestNG.java:1067)\n\tat com.intellij.rt.testng.IDEARemoteTestNG.run(IDEARemoteTestNG.java:66)\n\tat com.intellij.rt.testng.RemoteTestNGStarter.main(RemoteTestNGStarter.java:109)\n"},"stage":"finished","steps":[{"name":"Sign in Modal Window Displayed","status":"passed","stage":"finished","steps":[],"attachments":[],"parameters":[],"start":1713451569166,"stop":1713451569166},{"name":"The user navigates to the footer links","status":"passed","stage":"finished","steps":[],"attachments":[],"parameters":[],"start":1713451576557,"stop":1713451576557},{"name":"The user verify all links on home page","status":"passed","stage":"finished","steps":[],"attachments":[],"parameters":[],"start":1713451584319,"stop":1713451584319},{"name":"The user navigates to the nav menu links","status":"passed","stage":"finished","steps":[],"attachments":[],"parameters":[],"start":1713451594920,"stop":1713451594920},{"name":"The user clicks  About us  Links  on footer and verify Url and Tittle","status":"passed","stage":"finished","steps":[],"attachments":[],"parameters":[],"start":1713451596267,"stop":1713451596267},{"name":"The user clicks  Careers  Links  on footer and verify Url and Tittle","status":"passed","stage":"finished","steps":[],"attachments":[],"parameters":[],"start":1713451604973,"stop":1713451604973},{"name":"The user clicks  Social responsibility Links  on footer and verify Url and Tittle","status":"passed","stage":"finished","steps":[],"attachments":[],"parameters":[],"start":1713451608280,"stop":1713451608280},{"name":"The user clicks  Diversity  Links  on footer and verify Url and Tittle","status":"passed","stage":"finished","steps":[],"attachments":[],"parameters":[],"start":1713451632013,"stop":1713451632013},{"name":"The user clicks  Investors  Links  on footer and verify Url","status":"passed","stage":"finished","steps":[],"attachments":[],"parameters":[],"start":1713451636920,"stop":1713451636920},{"name":"The user clicks  Products Sourcing  Links  on footer and verify Url","status":"passed","stage":"finished","steps":[],"attachments":[],"parameters":[],"start":1713451640451,"stop":1713451640451},{"name":"The user clicks  Associates  Links  on footer and verify Url","status":"passed","stage":"finished","steps":[],"attachments":[],"parameters":[],"start":1713451644384,"stop":1713451644384},{"name":"The user clicks  LegalNotices  Links  on footer and verify Url and Tittle","status":"passed","stage":"finished","steps":[],"attachments":[],"parameters":[],"start":1713451650112,"stop":1713451650112},{"name":"The user clicks  ComparisonPricing  Links  on footer and verify Url and Tittle","status":"passed","stage":"finished","steps":[],"attachments":[],"parameters":[],"start":1713451665676,"stop":1713451665677},{"name":"The user clicks  SiteMap  Links  on footer and verify Url and Tittle","status":"passed","stage":"finished","steps":[],"attachments":[],"parameters":[],"start":1713451668732,"stop":1713451668732},{"name":"The user clicks  Privacy policy Links  on footer and verify Url and Tittle","status":"passed","stage":"finished","steps":[],"attachments":[],"parameters":[],"start":1713451671772,"stop":1713451671772},{"name":"The user clicks  accessibility Links  on footer and verify Url and Tittle","status":"passed","stage":"finished","steps":[],"attachments":[],"parameters":[],"start":1713451674986,"stop":1713451674986},{"name":"The user clicks on Do not Sell Links  on footer and verify its displayed","status":"passed","stage":"finished","steps":[],"attachments":[],"parameters":[],"start":1713451692800,"stop":1713451692800},{"name":"The user clicks  TermsofUse Links  on footer and verify Url and Tittle","status":"passed","stage":"finished","steps":[],"attachments":[],"parameters":[],"start":1713451696569,"stop":1713451696569},{"name":"The user navigate to contact Us page","status":"passed","stage":"finished","steps":[],"attachments":[],"parameters":[],"start":1713451699879,"stop":1713451699879},{"name":"The user clicks  Contact Us page through  footer and verify Url-tittle","status":"passed","stage":"finished","steps":[],"attachments":[],"parameters":[],"start":1713451702477,"stop":1713451702477},{"name":"The user verify required fields on  Contact Us form","status":"passed","stage":"finished","steps":[],"attachments":[],"parameters":[],"start":1713451720603,"stop":1713451720603},{"name":"The user verify that they are able to create CustomerService form ","status":"passed","stage":"finished","steps":[],"attachments":[],"parameters":[],"start":1713451723375,"stop":1713451723375},{"name":"The user verify that they are able to create Employment - Prospective form ","status":"passed","stage":"finished","steps":[],"attachments":[],"parameters":[],"start":1713451731962,"stop":1713451731962},{"name":"The user verify that they are able to create Corporate Social Responsibility  ","status":"passed","stage":"finished","steps":[],"attachments":[],"parameters":[],"start":1713451738236,"stop":1713451738236},{"name":"The user verify that they are able to create Vendor Inquiries  ","status":"passed","stage":"finished","steps":[],"attachments":[],"parameters":[],"start":1713451744421,"stop":1713451744421},{"name":"The user verify that they are able to create Website Tech Issues Form ","status":"passed","stage":"finished","steps":[],"attachments":[],"parameters":[],"start":1713451750507,"stop":1713451750507},{"name":"The user verify that they are able to create InvestorsForm ","status":"passed","stage":"finished","steps":[],"attachments":[],"parameters":[],"start":1713451756345,"stop":1713451756345},{"name":"The user verify that they are able to create Real Estate Form ","status":"passed","stage":"finished","steps":[],"attachments":[],"parameters":[],"start":1713451762224,"stop":1713451762224},{"name":"The user verify that they are able to create Real Estate Form ","status":"passed","stage":"finished","steps":[],"attachments":[],"parameters":[],"start":1713451768407,"stop":1713451768407},{"name":"The user navigate FoundINsTORE page","status":"passed","stage":"finished","steps":[],"attachments":[],"parameters":[],"start":1713451774437,"stop":1713451774437},{"name":"The user navigate to Found In Store page","status":"passed","stage":"finished","steps":[],"attachments":[],"parameters":[],"start":1713451777028,"stop":1713451777028},{"name":"The user verify Found In Store page tittle and Texts","status":"passed","stage":"finished","steps":[],"attachments":[],"parameters":[],"start":1713451779485,"stop":1713451779485},{"name":"The user Select ALL from dropdown Menu","status":"passed","stage":"finished","steps":[],"attachments":[],"parameters":[],"start":1713451781972,"stop":1713451781972},{"name":"The user Select ALL from dropdown Menu","status":"passed","stage":"finished","steps":[],"attachments":[],"parameters":[],"start":1713451794699,"stop":1713451794700},{"name":"The user Select ALL from dropdown Menu","status":"passed","stage":"finished","steps":[],"attachments":[],"parameters":[],"start":1713451807331,"stop":1713451807331},{"name":"The user Select ALL from dropdown Menu","status":"passed","stage":"finished","steps":[],"attachments":[],"parameters":[],"start":1713451820166,"stop":1713451820166},{"name":"The user Select ALL from dropdown Menu","status":"passed","stage":"finished","steps":[],"attachments":[],"parameters":[],"start":1713451832703,"stop":1713451832703},{"name":"The user Select ALL from dropdown Menu","status":"passed","stage":"finished","steps":[],"attachments":[],"parameters":[],"start":1713451845148,"stop":1713451845148}],"attachments":[],"parameters":[],"start":1713451569164,"stop":1713451849960}],"attachments":[],"parameters":[],"start":1713451569157,"stop":1713451849975}