{"uuid":"45c3291f-d07b-4a8f-b0d5-614da99ceb40","historyId":"616d39bdc3c8ad0537e8c7e70bfd163d","fullName":"com.newddsdiscounts.tests.DdsDiscounts.testDdsDiscounts","labels":[{"name":"package","value":"com.newddsdiscounts.tests.DdsDiscounts"},{"name":"testClass","value":"com.newddsdiscounts.tests.DdsDiscounts"},{"name":"testMethod","value":"testDdsDiscounts"},{"name":"parentSuite","value":"Default Suite"},{"name":"suite","value":"newddsdiscounts"},{"name":"subSuite","value":"com.newddsdiscounts.tests.DdsDiscounts"},{"name":"host","value":"US4GSDM0CDRJ4"},{"name":"thread","value":"58999@US4GSDM0CDRJ4.main(1)"},{"name":"framework","value":"testng"},{"name":"language","value":"java"},{"name":"severity","value":"critical"}],"links":[],"name":"testDdsDiscounts","status":"broken","statusDetails":{"known":false,"muted":false,"flaky":false,"message":"element click intercepted: Element is not clickable at point (1090, 1413)\n  (Session info: chrome=129.0.6668.71)\nBuild info: version: '4.19.1', revision: 'abe0ee07dc'\nSystem info: os.name: 'Mac OS X', os.arch: 'aarch64', os.version: '14.7', java.version: '17.0.12'\nDriver info: org.openqa.selenium.chrome.ChromeDriver\nCommand: [78983b900bbd0f05be2078340423f761, clickElement {id=f.0DFFCE39E65D9976EC10A576EFB561AE.d.C8A3C5D41FD50067F8371F96F844D226.e.50}]\nCapabilities {acceptInsecureCerts: false, browserName: chrome, browserVersion: 129.0.6668.71, chrome: {chromedriverVersion: 129.0.6668.89 (951c0b97221f..., userDataDir: /var/folders/fk/9dwsn5tn4wd...}, fedcm:accounts: true, goog:chromeOptions: {debuggerAddress: localhost:61758}, networkConnectionEnabled: false, pageLoadStrategy: normal, platformName: mac, proxy: Proxy(), se:cdp: ws://localhost:61758/devtoo..., se:cdpVersion: 129.0.6668.71, setWindowRect: true, strictFileInteractability: false, timeouts: {implicit: 0, pageLoad: 300000, script: 30000}, unhandledPromptBehavior: dismiss and notify, webauthn:extension:credBlob: true, webauthn:extension:largeBlob: true, webauthn:extension:minPinLength: true, webauthn:extension:prf: true, webauthn:virtualAuthenticators: true}\nElement: [[ChromeDriver: chrome on mac (78983b900bbd0f05be2078340423f761)] -> xpath: //a[@href='https://corp.rossstores.com/Responsibility/Supporting-our-communities/First-Book']]\nSession ID: 78983b900bbd0f05be2078340423f761","trace":"org.openqa.selenium.ElementClickInterceptedException: element click intercepted: Element is not clickable at point (1090, 1413)\n  (Session info: chrome=129.0.6668.71)\nBuild info: version: '4.19.1', revision: 'abe0ee07dc'\nSystem info: os.name: 'Mac OS X', os.arch: 'aarch64', os.version: '14.7', java.version: '17.0.12'\nDriver info: org.openqa.selenium.chrome.ChromeDriver\nCommand: [78983b900bbd0f05be2078340423f761, clickElement {id=f.0DFFCE39E65D9976EC10A576EFB561AE.d.C8A3C5D41FD50067F8371F96F844D226.e.50}]\nCapabilities {acceptInsecureCerts: false, browserName: chrome, browserVersion: 129.0.6668.71, chrome: {chromedriverVersion: 129.0.6668.89 (951c0b97221f..., userDataDir: /var/folders/fk/9dwsn5tn4wd...}, fedcm:accounts: true, goog:chromeOptions: {debuggerAddress: localhost:61758}, networkConnectionEnabled: false, pageLoadStrategy: normal, platformName: mac, proxy: Proxy(), se:cdp: ws://localhost:61758/devtoo..., se:cdpVersion: 129.0.6668.71, setWindowRect: true, strictFileInteractability: false, timeouts: {implicit: 0, pageLoad: 300000, script: 30000}, unhandledPromptBehavior: dismiss and notify, webauthn:extension:credBlob: true, webauthn:extension:largeBlob: true, webauthn:extension:minPinLength: true, webauthn:extension:prf: true, webauthn:virtualAuthenticators: true}\nElement: [[ChromeDriver: chrome on mac (78983b900bbd0f05be2078340423f761)] -> xpath: //a[@href='https://corp.rossstores.com/Responsibility/Supporting-our-communities/First-Book']]\nSession ID: 78983b900bbd0f05be2078340423f761\n\tat java.base/jdk.internal.reflect.NativeConstructorAccessorImpl.newInstance0(Native Method)\n\tat java.base/jdk.internal.reflect.NativeConstructorAccessorImpl.newInstance(NativeConstructorAccessorImpl.java:77)\n\tat java.base/jdk.internal.reflect.DelegatingConstructorAccessorImpl.newInstance(DelegatingConstructorAccessorImpl.java:45)\n\tat java.base/java.lang.reflect.Constructor.newInstanceWithCaller(Constructor.java:500)\n\tat java.base/java.lang.reflect.Constructor.newInstance(Constructor.java:481)\n\tat org.openqa.selenium.remote.ErrorCodec.decode(ErrorCodec.java:167)\n\tat org.openqa.selenium.remote.codec.w3c.W3CHttpResponseCodec.decode(W3CHttpResponseCodec.java:138)\n\tat org.openqa.selenium.remote.codec.w3c.W3CHttpResponseCodec.decode(W3CHttpResponseCodec.java:50)\n\tat org.openqa.selenium.remote.HttpCommandExecutor.execute(HttpCommandExecutor.java:190)\n\tat org.openqa.selenium.remote.service.DriverCommandExecutor.invokeExecute(DriverCommandExecutor.java:216)\n\tat org.openqa.selenium.remote.service.DriverCommandExecutor.execute(DriverCommandExecutor.java:174)\n\tat org.openqa.selenium.remote.RemoteWebDriver.execute(RemoteWebDriver.java:518)\n\tat org.openqa.selenium.remote.RemoteWebElement.execute(RemoteWebElement.java:223)\n\tat org.openqa.selenium.remote.RemoteWebElement.click(RemoteWebElement.java:76)\n\tat java.base/jdk.internal.reflect.NativeMethodAccessorImpl.invoke0(Native Method)\n\tat java.base/jdk.internal.reflect.NativeMethodAccessorImpl.invoke(NativeMethodAccessorImpl.java:77)\n\tat java.base/jdk.internal.reflect.DelegatingMethodAccessorImpl.invoke(DelegatingMethodAccessorImpl.java:43)\n\tat java.base/java.lang.reflect.Method.invoke(Method.java:569)\n\tat org.openqa.selenium.support.pagefactory.internal.LocatingElementHandler.invoke(LocatingElementHandler.java:51)\n\tat jdk.proxy2/jdk.proxy2.$Proxy14.click(Unknown Source)\n\tat com.newddsdiscounts.utils.BrowserUtils.click(BrowserUtils.java:67)\n\tat com.newddsdiscounts.pages.HomePage.clickFooterAboutUsLinksAndVerifyUrlAndTittle(HomePage.java:793)\n\tat com.newddsdiscounts.tests.DdsDiscounts.testDdsDiscounts(DdsDiscounts.java:31)\n\tat java.base/jdk.internal.reflect.NativeMethodAccessorImpl.invoke0(Native Method)\n\tat java.base/jdk.internal.reflect.NativeMethodAccessorImpl.invoke(NativeMethodAccessorImpl.java:77)\n\tat java.base/jdk.internal.reflect.DelegatingMethodAccessorImpl.invoke(DelegatingMethodAccessorImpl.java:43)\n\tat java.base/java.lang.reflect.Method.invoke(Method.java:569)\n\tat org.testng.internal.invokers.MethodInvocationHelper.invokeMethod(MethodInvocationHelper.java:139)\n\tat org.testng.internal.invokers.TestInvoker.invokeMethod(TestInvoker.java:677)\n\tat org.testng.internal.invokers.TestInvoker.invokeTestMethod(TestInvoker.java:221)\n\tat org.testng.internal.invokers.MethodRunner.runInSequence(MethodRunner.java:50)\n\tat org.testng.internal.invokers.TestInvoker$MethodInvocationAgent.invoke(TestInvoker.java:969)\n\tat org.testng.internal.invokers.TestInvoker.invokeTestMethods(TestInvoker.java:194)\n\tat org.testng.internal.invokers.TestMethodWorker.invokeTestMethods(TestMethodWorker.java:148)\n\tat org.testng.internal.invokers.TestMethodWorker.run(TestMethodWorker.java:128)\n\tat java.base/java.util.ArrayList.forEach(ArrayList.java:1511)\n\tat org.testng.TestRunner.privateRun(TestRunner.java:829)\n\tat org.testng.TestRunner.run(TestRunner.java:602)\n\tat org.testng.SuiteRunner.runTest(SuiteRunner.java:437)\n\tat org.testng.SuiteRunner.runSequentially(SuiteRunner.java:431)\n\tat org.testng.SuiteRunner.privateRun(SuiteRunner.java:391)\n\tat org.testng.SuiteRunner.run(SuiteRunner.java:330)\n\tat org.testng.SuiteRunnerWorker.runSuite(SuiteRunnerWorker.java:52)\n\tat org.testng.SuiteRunnerWorker.run(SuiteRunnerWorker.java:95)\n\tat org.testng.TestNG.runSuitesSequentially(TestNG.java:1256)\n\tat org.testng.TestNG.runSuitesLocally(TestNG.java:1176)\n\tat org.testng.TestNG.runSuites(TestNG.java:1099)\n\tat org.testng.TestNG.run(TestNG.java:1067)\n\tat com.intellij.rt.testng.IDEARemoteTestNG.run(IDEARemoteTestNG.java:65)\n\tat com.intellij.rt.testng.RemoteTestNGStarter.main(RemoteTestNGStarter.java:105)\n"},"stage":"finished","steps":[{"name":"Ddsdiscount test","status":"broken","statusDetails":{"known":false,"muted":false,"flaky":false,"message":"element click intercepted: Element is not clickable at point (1090, 1413)\n  (Session info: chrome=129.0.6668.71)\nBuild info: version: '4.19.1', revision: 'abe0ee07dc'\nSystem info: os.name: 'Mac OS X', os.arch: 'aarch64', os.version: '14.7', java.version: '17.0.12'\nDriver info: org.openqa.selenium.chrome.ChromeDriver\nCommand: [78983b900bbd0f05be2078340423f761, clickElement {id=f.0DFFCE39E65D9976EC10A576EFB561AE.d.C8A3C5D41FD50067F8371F96F844D226.e.50}]\nCapabilities {acceptInsecureCerts: false, browserName: chrome, browserVersion: 129.0.6668.71, chrome: {chromedriverVersion: 129.0.6668.89 (951c0b97221f..., userDataDir: /var/folders/fk/9dwsn5tn4wd...}, fedcm:accounts: true, goog:chromeOptions: {debuggerAddress: localhost:61758}, networkConnectionEnabled: false, pageLoadStrategy: normal, platformName: mac, proxy: Proxy(), se:cdp: ws://localhost:61758/devtoo..., se:cdpVersion: 129.0.6668.71, setWindowRect: true, strictFileInteractability: false, timeouts: {implicit: 0, pageLoad: 300000, script: 30000}, unhandledPromptBehavior: dismiss and notify, webauthn:extension:credBlob: true, webauthn:extension:largeBlob: true, webauthn:extension:minPinLength: true, webauthn:extension:prf: true, webauthn:virtualAuthenticators: true}\nElement: [[ChromeDriver: chrome on mac (78983b900bbd0f05be2078340423f761)] -> xpath: //a[@href='https://corp.rossstores.com/Responsibility/Supporting-our-communities/First-Book']]\nSession ID: 78983b900bbd0f05be2078340423f761","trace":"org.openqa.selenium.ElementClickInterceptedException: element click intercepted: Element is not clickable at point (1090, 1413)\n  (Session info: chrome=129.0.6668.71)\nBuild info: version: '4.19.1', revision: 'abe0ee07dc'\nSystem info: os.name: 'Mac OS X', os.arch: 'aarch64', os.version: '14.7', java.version: '17.0.12'\nDriver info: org.openqa.selenium.chrome.ChromeDriver\nCommand: [78983b900bbd0f05be2078340423f761, clickElement {id=f.0DFFCE39E65D9976EC10A576EFB561AE.d.C8A3C5D41FD50067F8371F96F844D226.e.50}]\nCapabilities {acceptInsecureCerts: false, browserName: chrome, browserVersion: 129.0.6668.71, chrome: {chromedriverVersion: 129.0.6668.89 (951c0b97221f..., userDataDir: /var/folders/fk/9dwsn5tn4wd...}, fedcm:accounts: true, goog:chromeOptions: {debuggerAddress: localhost:61758}, networkConnectionEnabled: false, pageLoadStrategy: normal, platformName: mac, proxy: Proxy(), se:cdp: ws://localhost:61758/devtoo..., se:cdpVersion: 129.0.6668.71, setWindowRect: true, strictFileInteractability: false, timeouts: {implicit: 0, pageLoad: 300000, script: 30000}, unhandledPromptBehavior: dismiss and notify, webauthn:extension:credBlob: true, webauthn:extension:largeBlob: true, webauthn:extension:minPinLength: true, webauthn:extension:prf: true, webauthn:virtualAuthenticators: true}\nElement: [[ChromeDriver: chrome on mac (78983b900bbd0f05be2078340423f761)] -> xpath: //a[@href='https://corp.rossstores.com/Responsibility/Supporting-our-communities/First-Book']]\nSession ID: 78983b900bbd0f05be2078340423f761\n\tat java.base/jdk.internal.reflect.NativeConstructorAccessorImpl.newInstance0(Native Method)\n\tat java.base/jdk.internal.reflect.NativeConstructorAccessorImpl.newInstance(NativeConstructorAccessorImpl.java:77)\n\tat java.base/jdk.internal.reflect.DelegatingConstructorAccessorImpl.newInstance(DelegatingConstructorAccessorImpl.java:45)\n\tat java.base/java.lang.reflect.Constructor.newInstanceWithCaller(Constructor.java:500)\n\tat java.base/java.lang.reflect.Constructor.newInstance(Constructor.java:481)\n\tat org.openqa.selenium.remote.ErrorCodec.decode(ErrorCodec.java:167)\n\tat org.openqa.selenium.remote.codec.w3c.W3CHttpResponseCodec.decode(W3CHttpResponseCodec.java:138)\n\tat org.openqa.selenium.remote.codec.w3c.W3CHttpResponseCodec.decode(W3CHttpResponseCodec.java:50)\n\tat org.openqa.selenium.remote.HttpCommandExecutor.execute(HttpCommandExecutor.java:190)\n\tat org.openqa.selenium.remote.service.DriverCommandExecutor.invokeExecute(DriverCommandExecutor.java:216)\n\tat org.openqa.selenium.remote.service.DriverCommandExecutor.execute(DriverCommandExecutor.java:174)\n\tat org.openqa.selenium.remote.RemoteWebDriver.execute(RemoteWebDriver.java:518)\n\tat org.openqa.selenium.remote.RemoteWebElement.execute(RemoteWebElement.java:223)\n\tat org.openqa.selenium.remote.RemoteWebElement.click(RemoteWebElement.java:76)\n\tat java.base/jdk.internal.reflect.NativeMethodAccessorImpl.invoke0(Native Method)\n\tat java.base/jdk.internal.reflect.NativeMethodAccessorImpl.invoke(NativeMethodAccessorImpl.java:77)\n\tat java.base/jdk.internal.reflect.DelegatingMethodAccessorImpl.invoke(DelegatingMethodAccessorImpl.java:43)\n\tat java.base/java.lang.reflect.Method.invoke(Method.java:569)\n\tat org.openqa.selenium.support.pagefactory.internal.LocatingElementHandler.invoke(LocatingElementHandler.java:51)\n\tat jdk.proxy2/jdk.proxy2.$Proxy14.click(Unknown Source)\n\tat com.newddsdiscounts.utils.BrowserUtils.click(BrowserUtils.java:67)\n\tat com.newddsdiscounts.pages.HomePage.clickFooterAboutUsLinksAndVerifyUrlAndTittle(HomePage.java:793)\n\tat com.newddsdiscounts.tests.DdsDiscounts.testDdsDiscounts(DdsDiscounts.java:31)\n\tat java.base/jdk.internal.reflect.NativeMethodAccessorImpl.invoke0(Native Method)\n\tat java.base/jdk.internal.reflect.NativeMethodAccessorImpl.invoke(NativeMethodAccessorImpl.java:77)\n\tat java.base/jdk.internal.reflect.DelegatingMethodAccessorImpl.invoke(DelegatingMethodAccessorImpl.java:43)\n\tat java.base/java.lang.reflect.Method.invoke(Method.java:569)\n\tat org.testng.internal.invokers.MethodInvocationHelper.invokeMethod(MethodInvocationHelper.java:139)\n\tat org.testng.internal.invokers.TestInvoker.invokeMethod(TestInvoker.java:677)\n\tat org.testng.internal.invokers.TestInvoker.invokeTestMethod(TestInvoker.java:221)\n\tat org.testng.internal.invokers.MethodRunner.runInSequence(MethodRunner.java:50)\n\tat org.testng.internal.invokers.TestInvoker$MethodInvocationAgent.invoke(TestInvoker.java:969)\n\tat org.testng.internal.invokers.TestInvoker.invokeTestMethods(TestInvoker.java:194)\n\tat org.testng.internal.invokers.TestMethodWorker.invokeTestMethods(TestMethodWorker.java:148)\n\tat org.testng.internal.invokers.TestMethodWorker.run(TestMethodWorker.java:128)\n\tat java.base/java.util.ArrayList.forEach(ArrayList.java:1511)\n\tat org.testng.TestRunner.privateRun(TestRunner.java:829)\n\tat org.testng.TestRunner.run(TestRunner.java:602)\n\tat org.testng.SuiteRunner.runTest(SuiteRunner.java:437)\n\tat org.testng.SuiteRunner.runSequentially(SuiteRunner.java:431)\n\tat org.testng.SuiteRunner.privateRun(SuiteRunner.java:391)\n\tat org.testng.SuiteRunner.run(SuiteRunner.java:330)\n\tat org.testng.SuiteRunnerWorker.runSuite(SuiteRunnerWorker.java:52)\n\tat org.testng.SuiteRunnerWorker.run(SuiteRunnerWorker.java:95)\n\tat org.testng.TestNG.runSuitesSequentially(TestNG.java:1256)\n\tat org.testng.TestNG.runSuitesLocally(TestNG.java:1176)\n\tat org.testng.TestNG.runSuites(TestNG.java:1099)\n\tat org.testng.TestNG.run(TestNG.java:1067)\n\tat com.intellij.rt.testng.IDEARemoteTestNG.run(IDEARemoteTestNG.java:65)\n\tat com.intellij.rt.testng.RemoteTestNGStarter.main(RemoteTestNGStarter.java:105)\n"},"stage":"finished","steps":[{"name":"Sign in Modal Window Displayed","status":"passed","stage":"finished","steps":[],"attachments":[],"parameters":[],"start":1727885453001,"stop":1727885453002},{"name":"Check that HomePage Logo And Image displayed as expected.","status":"passed","stage":"finished","steps":[],"attachments":[],"parameters":[],"start":1727885459825,"stop":1727885459825},{"name":"The user navigates to the footer links","status":"passed","stage":"finished","steps":[],"attachments":[],"parameters":[],"start":1727885459907,"stop":1727885459907},{"name":"The user verify all links on home page","status":"passed","stage":"finished","steps":[],"attachments":[],"parameters":[],"start":1727885466854,"stop":1727885466854},{"name":"The user navigates to the nav menu links","status":"passed","stage":"finished","steps":[],"attachments":[],"parameters":[],"start":1727885476851,"stop":1727885476851},{"name":"The user clicks EmailSignUp on Nav menu Social LINKS","status":"passed","stage":"finished","steps":[],"attachments":[],"parameters":[],"start":1727885485164,"stop":1727885485164},{"name":"The user clicks unsubcribe on emailsignup page","status":"passed","stage":"finished","steps":[],"attachments":[],"parameters":[],"start":1727885489942,"stop":1727885489942},{"name":"The user clicks instagram on Nav menu Social LINKS and verify URL and Tittle","status":"passed","stage":"finished","steps":[],"attachments":[],"parameters":[],"start":1727885495627,"stop":1727885495627},{"name":"The user clicks facebook on Nav menu Social LINKS and verify URL and Tittle","status":"passed","stage":"finished","steps":[],"attachments":[],"parameters":[],"start":1727885501231,"stop":1727885501231},{"name":"The user clicks Tiktok on Nav menu Social LINKS and verify URL and Tittle","status":"passed","stage":"finished","steps":[],"attachments":[],"parameters":[],"start":1727885506923,"stop":1727885506923},{"name":"The user clicks  About us  Links  on footer and verify Url and Tittle","status":"passed","stage":"finished","steps":[],"attachments":[],"parameters":[],"start":1727885521353,"stop":1727885521353}],"attachments":[],"parameters":[],"start":1727885453001,"stop":1727885530608}],"attachments":[],"parameters":[],"start":1727885452994,"stop":1727885530612}