{"uuid":"8841dace-1800-4bcc-9c88-e3aa2aea6d00","historyId":"616d39bdc3c8ad0537e8c7e70bfd163d","fullName":"com.newddsdiscounts.tests.DdsDiscounts.testDdsDiscounts","labels":[{"name":"package","value":"com.newddsdiscounts.tests.DdsDiscounts"},{"name":"testClass","value":"com.newddsdiscounts.tests.DdsDiscounts"},{"name":"testMethod","value":"testDdsDiscounts"},{"name":"parentSuite","value":"Default Suite"},{"name":"suite","value":"newddsdiscounts"},{"name":"subSuite","value":"com.newddsdiscounts.tests.DdsDiscounts"},{"name":"host","value":"Yusufs-MacBook-Pro-2.local"},{"name":"thread","value":"81225@Yusufs-MacBook-Pro-2.local.main(1)"},{"name":"framework","value":"testng"},{"name":"language","value":"java"},{"name":"severity","value":"critical"}],"links":[],"name":"testDdsDiscounts","status":"broken","statusDetails":{"known":false,"muted":false,"flaky":false,"message":"element click intercepted: Element <button role=\"button\" class=\"dropdown-item btn\" data-filterid=\"81658,125902\" data-filterslug=\"more\" type=\"button\" aria-pressed=\"false\">...</button> is not clickable at point (1266, 714). Other element would receive the click: <button id=\"onetrust-pc-btn-handler\" class=\"cookie-setting-link\">...</button>\n  (Session info: chrome=123.0.6312.124)\nBuild info: version: '4.19.1', revision: 'abe0ee07dc'\nSystem info: os.name: 'Mac OS X', os.arch: 'aarch64', os.version: '14.2.1', java.version: '22'\nDriver info: org.openqa.selenium.chrome.ChromeDriver\nCommand: [ef34b9318bffd9e281a50f8bb5f013b2, clickElement {id=f.5732D68AC927D79846D6A382D5CE080B.d.A193FC0D842DFAAC02577E4773C191B6.e.1519}]\nCapabilities {acceptInsecureCerts: false, browserName: chrome, browserVersion: 123.0.6312.124, chrome: {chromedriverVersion: 123.0.6312.122 (31f8248cdd9..., userDataDir: /var/folders/rw/q3wn8k015zl...}, fedcm:accounts: true, goog:chromeOptions: {debuggerAddress: localhost:57259}, networkConnectionEnabled: false, pageLoadStrategy: normal, platformName: mac, proxy: Proxy(), se:cdp: ws://localhost:57259/devtoo..., se:cdpVersion: 123.0.6312.124, setWindowRect: true, strictFileInteractability: false, timeouts: {implicit: 0, pageLoad: 300000, script: 30000}, unhandledPromptBehavior: dismiss and notify, webauthn:extension:credBlob: true, webauthn:extension:largeBlob: true, webauthn:extension:minPinLength: true, webauthn:extension:prf: true, webauthn:virtualAuthenticators: true}\nElement: [[ChromeDriver: chrome on mac (ef34b9318bffd9e281a50f8bb5f013b2)] -> xpath: //button[@data-filterslug='more']]\nSession ID: ef34b9318bffd9e281a50f8bb5f013b2","trace":"org.openqa.selenium.ElementClickInterceptedException: element click intercepted: Element <button role=\"button\" class=\"dropdown-item btn\" data-filterid=\"81658,125902\" data-filterslug=\"more\" type=\"button\" aria-pressed=\"false\">...</button> is not clickable at point (1266, 714). Other element would receive the click: <button id=\"onetrust-pc-btn-handler\" class=\"cookie-setting-link\">...</button>\n  (Session info: chrome=123.0.6312.124)\nBuild info: version: '4.19.1', revision: 'abe0ee07dc'\nSystem info: os.name: 'Mac OS X', os.arch: 'aarch64', os.version: '14.2.1', java.version: '22'\nDriver info: org.openqa.selenium.chrome.ChromeDriver\nCommand: [ef34b9318bffd9e281a50f8bb5f013b2, clickElement {id=f.5732D68AC927D79846D6A382D5CE080B.d.A193FC0D842DFAAC02577E4773C191B6.e.1519}]\nCapabilities {acceptInsecureCerts: false, browserName: chrome, browserVersion: 123.0.6312.124, chrome: {chromedriverVersion: 123.0.6312.122 (31f8248cdd9..., userDataDir: /var/folders/rw/q3wn8k015zl...}, fedcm:accounts: true, goog:chromeOptions: {debuggerAddress: localhost:57259}, networkConnectionEnabled: false, pageLoadStrategy: normal, platformName: mac, proxy: Proxy(), se:cdp: ws://localhost:57259/devtoo..., se:cdpVersion: 123.0.6312.124, setWindowRect: true, strictFileInteractability: false, timeouts: {implicit: 0, pageLoad: 300000, script: 30000}, unhandledPromptBehavior: dismiss and notify, webauthn:extension:credBlob: true, webauthn:extension:largeBlob: true, webauthn:extension:minPinLength: true, webauthn:extension:prf: true, webauthn:virtualAuthenticators: true}\nElement: [[ChromeDriver: chrome on mac (ef34b9318bffd9e281a50f8bb5f013b2)] -> xpath: //button[@data-filterslug='more']]\nSession ID: ef34b9318bffd9e281a50f8bb5f013b2\n\tat java.base/jdk.internal.reflect.DirectConstructorHandleAccessor.newInstance(DirectConstructorHandleAccessor.java:62)\n\tat java.base/java.lang.reflect.Constructor.newInstanceWithCaller(Constructor.java:502)\n\tat java.base/java.lang.reflect.Constructor.newInstance(Constructor.java:486)\n\tat org.openqa.selenium.remote.ErrorCodec.decode(ErrorCodec.java:167)\n\tat org.openqa.selenium.remote.codec.w3c.W3CHttpResponseCodec.decode(W3CHttpResponseCodec.java:138)\n\tat org.openqa.selenium.remote.codec.w3c.W3CHttpResponseCodec.decode(W3CHttpResponseCodec.java:50)\n\tat org.openqa.selenium.remote.HttpCommandExecutor.execute(HttpCommandExecutor.java:190)\n\tat org.openqa.selenium.remote.service.DriverCommandExecutor.invokeExecute(DriverCommandExecutor.java:216)\n\tat org.openqa.selenium.remote.service.DriverCommandExecutor.execute(DriverCommandExecutor.java:174)\n\tat org.openqa.selenium.remote.RemoteWebDriver.execute(RemoteWebDriver.java:518)\n\tat org.openqa.selenium.remote.RemoteWebElement.execute(RemoteWebElement.java:223)\n\tat org.openqa.selenium.remote.RemoteWebElement.click(RemoteWebElement.java:76)\n\tat java.base/jdk.internal.reflect.DirectMethodHandleAccessor.invoke(DirectMethodHandleAccessor.java:103)\n\tat java.base/java.lang.reflect.Method.invoke(Method.java:580)\n\tat org.openqa.selenium.support.pagefactory.internal.LocatingElementHandler.invoke(LocatingElementHandler.java:51)\n\tat jdk.proxy2/jdk.proxy2.$Proxy14.click(Unknown Source)\n\tat com.newddsdiscounts.pages.FoundInStorePage.clickFoundInStoreSelectMoreFromDropdown(FoundInStorePage.java:381)\n\tat com.newddsdiscounts.tests.DdsDiscounts.testDdsDiscounts(DdsDiscounts.java:67)\n\tat java.base/jdk.internal.reflect.DirectMethodHandleAccessor.invoke(DirectMethodHandleAccessor.java:103)\n\tat java.base/java.lang.reflect.Method.invoke(Method.java:580)\n\tat org.testng.internal.invokers.MethodInvocationHelper.invokeMethod(MethodInvocationHelper.java:139)\n\tat org.testng.internal.invokers.TestInvoker.invokeMethod(TestInvoker.java:677)\n\tat org.testng.internal.invokers.TestInvoker.invokeTestMethod(TestInvoker.java:221)\n\tat org.testng.internal.invokers.MethodRunner.runInSequence(MethodRunner.java:50)\n\tat org.testng.internal.invokers.TestInvoker$MethodInvocationAgent.invoke(TestInvoker.java:969)\n\tat org.testng.internal.invokers.TestInvoker.invokeTestMethods(TestInvoker.java:194)\n\tat org.testng.internal.invokers.TestMethodWorker.invokeTestMethods(TestMethodWorker.java:148)\n\tat org.testng.internal.invokers.TestMethodWorker.run(TestMethodWorker.java:128)\n\tat java.base/java.util.ArrayList.forEach(ArrayList.java:1597)\n\tat org.testng.TestRunner.privateRun(TestRunner.java:829)\n\tat org.testng.TestRunner.run(TestRunner.java:602)\n\tat org.testng.SuiteRunner.runTest(SuiteRunner.java:437)\n\tat org.testng.SuiteRunner.runSequentially(SuiteRunner.java:431)\n\tat org.testng.SuiteRunner.privateRun(SuiteRunner.java:391)\n\tat org.testng.SuiteRunner.run(SuiteRunner.java:330)\n\tat org.testng.SuiteRunnerWorker.runSuite(SuiteRunnerWorker.java:52)\n\tat org.testng.SuiteRunnerWorker.run(SuiteRunnerWorker.java:95)\n\tat org.testng.TestNG.runSuitesSequentially(TestNG.java:1256)\n\tat org.testng.TestNG.runSuitesLocally(TestNG.java:1176)\n\tat org.testng.TestNG.runSuites(TestNG.java:1099)\n\tat org.testng.TestNG.run(TestNG.java:1067)\n\tat com.intellij.rt.testng.IDEARemoteTestNG.run(IDEARemoteTestNG.java:66)\n\tat com.intellij.rt.testng.RemoteTestNGStarter.main(RemoteTestNGStarter.java:109)\n"},"stage":"finished","steps":[{"name":"Ddsdiscount test","status":"broken","statusDetails":{"known":false,"muted":false,"flaky":false,"message":"element click intercepted: Element <button role=\"button\" class=\"dropdown-item btn\" data-filterid=\"81658,125902\" data-filterslug=\"more\" type=\"button\" aria-pressed=\"false\">...</button> is not clickable at point (1266, 714). Other element would receive the click: <button id=\"onetrust-pc-btn-handler\" class=\"cookie-setting-link\">...</button>\n  (Session info: chrome=123.0.6312.124)\nBuild info: version: '4.19.1', revision: 'abe0ee07dc'\nSystem info: os.name: 'Mac OS X', os.arch: 'aarch64', os.version: '14.2.1', java.version: '22'\nDriver info: org.openqa.selenium.chrome.ChromeDriver\nCommand: [ef34b9318bffd9e281a50f8bb5f013b2, clickElement {id=f.5732D68AC927D79846D6A382D5CE080B.d.A193FC0D842DFAAC02577E4773C191B6.e.1519}]\nCapabilities {acceptInsecureCerts: false, browserName: chrome, browserVersion: 123.0.6312.124, chrome: {chromedriverVersion: 123.0.6312.122 (31f8248cdd9..., userDataDir: /var/folders/rw/q3wn8k015zl...}, fedcm:accounts: true, goog:chromeOptions: {debuggerAddress: localhost:57259}, networkConnectionEnabled: false, pageLoadStrategy: normal, platformName: mac, proxy: Proxy(), se:cdp: ws://localhost:57259/devtoo..., se:cdpVersion: 123.0.6312.124, setWindowRect: true, strictFileInteractability: false, timeouts: {implicit: 0, pageLoad: 300000, script: 30000}, unhandledPromptBehavior: dismiss and notify, webauthn:extension:credBlob: true, webauthn:extension:largeBlob: true, webauthn:extension:minPinLength: true, webauthn:extension:prf: true, webauthn:virtualAuthenticators: true}\nElement: [[ChromeDriver: chrome on mac (ef34b9318bffd9e281a50f8bb5f013b2)] -> xpath: //button[@data-filterslug='more']]\nSession ID: ef34b9318bffd9e281a50f8bb5f013b2","trace":"org.openqa.selenium.ElementClickInterceptedException: element click intercepted: Element <button role=\"button\" class=\"dropdown-item btn\" data-filterid=\"81658,125902\" data-filterslug=\"more\" type=\"button\" aria-pressed=\"false\">...</button> is not clickable at point (1266, 714). Other element would receive the click: <button id=\"onetrust-pc-btn-handler\" class=\"cookie-setting-link\">...</button>\n  (Session info: chrome=123.0.6312.124)\nBuild info: version: '4.19.1', revision: 'abe0ee07dc'\nSystem info: os.name: 'Mac OS X', os.arch: 'aarch64', os.version: '14.2.1', java.version: '22'\nDriver info: org.openqa.selenium.chrome.ChromeDriver\nCommand: [ef34b9318bffd9e281a50f8bb5f013b2, clickElement {id=f.5732D68AC927D79846D6A382D5CE080B.d.A193FC0D842DFAAC02577E4773C191B6.e.1519}]\nCapabilities {acceptInsecureCerts: false, browserName: chrome, browserVersion: 123.0.6312.124, chrome: {chromedriverVersion: 123.0.6312.122 (31f8248cdd9..., userDataDir: /var/folders/rw/q3wn8k015zl...}, fedcm:accounts: true, goog:chromeOptions: {debuggerAddress: localhost:57259}, networkConnectionEnabled: false, pageLoadStrategy: normal, platformName: mac, proxy: Proxy(), se:cdp: ws://localhost:57259/devtoo..., se:cdpVersion: 123.0.6312.124, setWindowRect: true, strictFileInteractability: false, timeouts: {implicit: 0, pageLoad: 300000, script: 30000}, unhandledPromptBehavior: dismiss and notify, webauthn:extension:credBlob: true, webauthn:extension:largeBlob: true, webauthn:extension:minPinLength: true, webauthn:extension:prf: true, webauthn:virtualAuthenticators: true}\nElement: [[ChromeDriver: chrome on mac (ef34b9318bffd9e281a50f8bb5f013b2)] -> xpath: //button[@data-filterslug='more']]\nSession ID: ef34b9318bffd9e281a50f8bb5f013b2\n\tat java.base/jdk.internal.reflect.DirectConstructorHandleAccessor.newInstance(DirectConstructorHandleAccessor.java:62)\n\tat java.base/java.lang.reflect.Constructor.newInstanceWithCaller(Constructor.java:502)\n\tat java.base/java.lang.reflect.Constructor.newInstance(Constructor.java:486)\n\tat org.openqa.selenium.remote.ErrorCodec.decode(ErrorCodec.java:167)\n\tat org.openqa.selenium.remote.codec.w3c.W3CHttpResponseCodec.decode(W3CHttpResponseCodec.java:138)\n\tat org.openqa.selenium.remote.codec.w3c.W3CHttpResponseCodec.decode(W3CHttpResponseCodec.java:50)\n\tat org.openqa.selenium.remote.HttpCommandExecutor.execute(HttpCommandExecutor.java:190)\n\tat org.openqa.selenium.remote.service.DriverCommandExecutor.invokeExecute(DriverCommandExecutor.java:216)\n\tat org.openqa.selenium.remote.service.DriverCommandExecutor.execute(DriverCommandExecutor.java:174)\n\tat org.openqa.selenium.remote.RemoteWebDriver.execute(RemoteWebDriver.java:518)\n\tat org.openqa.selenium.remote.RemoteWebElement.execute(RemoteWebElement.java:223)\n\tat org.openqa.selenium.remote.RemoteWebElement.click(RemoteWebElement.java:76)\n\tat java.base/jdk.internal.reflect.DirectMethodHandleAccessor.invoke(DirectMethodHandleAccessor.java:103)\n\tat java.base/java.lang.reflect.Method.invoke(Method.java:580)\n\tat org.openqa.selenium.support.pagefactory.internal.LocatingElementHandler.invoke(LocatingElementHandler.java:51)\n\tat jdk.proxy2/jdk.proxy2.$Proxy14.click(Unknown Source)\n\tat com.newddsdiscounts.pages.FoundInStorePage.clickFoundInStoreSelectMoreFromDropdown(FoundInStorePage.java:381)\n\tat com.newddsdiscounts.tests.DdsDiscounts.testDdsDiscounts(DdsDiscounts.java:67)\n\tat java.base/jdk.internal.reflect.DirectMethodHandleAccessor.invoke(DirectMethodHandleAccessor.java:103)\n\tat java.base/java.lang.reflect.Method.invoke(Method.java:580)\n\tat org.testng.internal.invokers.MethodInvocationHelper.invokeMethod(MethodInvocationHelper.java:139)\n\tat org.testng.internal.invokers.TestInvoker.invokeMethod(TestInvoker.java:677)\n\tat org.testng.internal.invokers.TestInvoker.invokeTestMethod(TestInvoker.java:221)\n\tat org.testng.internal.invokers.MethodRunner.runInSequence(MethodRunner.java:50)\n\tat org.testng.internal.invokers.TestInvoker$MethodInvocationAgent.invoke(TestInvoker.java:969)\n\tat org.testng.internal.invokers.TestInvoker.invokeTestMethods(TestInvoker.java:194)\n\tat org.testng.internal.invokers.TestMethodWorker.invokeTestMethods(TestMethodWorker.java:148)\n\tat org.testng.internal.invokers.TestMethodWorker.run(TestMethodWorker.java:128)\n\tat java.base/java.util.ArrayList.forEach(ArrayList.java:1597)\n\tat org.testng.TestRunner.privateRun(TestRunner.java:829)\n\tat org.testng.TestRunner.run(TestRunner.java:602)\n\tat org.testng.SuiteRunner.runTest(SuiteRunner.java:437)\n\tat org.testng.SuiteRunner.runSequentially(SuiteRunner.java:431)\n\tat org.testng.SuiteRunner.privateRun(SuiteRunner.java:391)\n\tat org.testng.SuiteRunner.run(SuiteRunner.java:330)\n\tat org.testng.SuiteRunnerWorker.runSuite(SuiteRunnerWorker.java:52)\n\tat org.testng.SuiteRunnerWorker.run(SuiteRunnerWorker.java:95)\n\tat org.testng.TestNG.runSuitesSequentially(TestNG.java:1256)\n\tat org.testng.TestNG.runSuitesLocally(TestNG.java:1176)\n\tat org.testng.TestNG.runSuites(TestNG.java:1099)\n\tat org.testng.TestNG.run(TestNG.java:1067)\n\tat com.intellij.rt.testng.IDEARemoteTestNG.run(IDEARemoteTestNG.java:66)\n\tat com.intellij.rt.testng.RemoteTestNGStarter.main(RemoteTestNGStarter.java:109)\n"},"stage":"finished","steps":[{"name":"Sign in Modal Window Displayed","status":"passed","stage":"finished","steps":[],"attachments":[],"parameters":[],"start":1713451935543,"stop":1713451935543},{"name":"The user navigates to the footer links","status":"passed","stage":"finished","steps":[],"attachments":[],"parameters":[],"start":1713451942936,"stop":1713451942936},{"name":"The user verify all links on home page","status":"passed","stage":"finished","steps":[],"attachments":[],"parameters":[],"start":1713451947544,"stop":1713451947545},{"name":"The user navigates to the nav menu links","status":"passed","stage":"finished","steps":[],"attachments":[],"parameters":[],"start":1713451959693,"stop":1713451959693},{"name":"The user clicks  About us  Links  on footer and verify Url and Tittle","status":"passed","stage":"finished","steps":[],"attachments":[],"parameters":[],"start":1713451960977,"stop":1713451960977},{"name":"The user clicks  Careers  Links  on footer and verify Url and Tittle","status":"passed","stage":"finished","steps":[],"attachments":[],"parameters":[],"start":1713451969542,"stop":1713451969542},{"name":"The user clicks  Social responsibility Links  on footer and verify Url and Tittle","status":"passed","stage":"finished","steps":[],"attachments":[],"parameters":[],"start":1713451972809,"stop":1713451972809},{"name":"The user clicks  Diversity  Links  on footer and verify Url and Tittle","status":"passed","stage":"finished","steps":[],"attachments":[],"parameters":[],"start":1713451993002,"stop":1713451993002},{"name":"The user clicks  Investors  Links  on footer and verify Url","status":"passed","stage":"finished","steps":[],"attachments":[],"parameters":[],"start":1713451998521,"stop":1713451998521},{"name":"The user clicks  Products Sourcing  Links  on footer and verify Url","status":"passed","stage":"finished","steps":[],"attachments":[],"parameters":[],"start":1713452002468,"stop":1713452002468},{"name":"The user clicks  Associates  Links  on footer and verify Url","status":"passed","stage":"finished","steps":[],"attachments":[],"parameters":[],"start":1713452006127,"stop":1713452006127},{"name":"The user clicks  LegalNotices  Links  on footer and verify Url and Tittle","status":"passed","stage":"finished","steps":[],"attachments":[],"parameters":[],"start":1713452012193,"stop":1713452012193},{"name":"The user clicks  ComparisonPricing  Links  on footer and verify Url and Tittle","status":"passed","stage":"finished","steps":[],"attachments":[],"parameters":[],"start":1713452026544,"stop":1713452026544},{"name":"The user clicks  SiteMap  Links  on footer and verify Url and Tittle","status":"passed","stage":"finished","steps":[],"attachments":[],"parameters":[],"start":1713452029929,"stop":1713452029929},{"name":"The user clicks  Privacy policy Links  on footer and verify Url and Tittle","status":"passed","stage":"finished","steps":[],"attachments":[],"parameters":[],"start":1713452032754,"stop":1713452032754},{"name":"The user clicks  accessibility Links  on footer and verify Url and Tittle","status":"passed","stage":"finished","steps":[],"attachments":[],"parameters":[],"start":1713452036056,"stop":1713452036056},{"name":"The user clicks on Do not Sell Links  on footer and verify its displayed","status":"passed","stage":"finished","steps":[],"attachments":[],"parameters":[],"start":1713452039350,"stop":1713452039350},{"name":"The user clicks  TermsofUse Links  on footer and verify Url and Tittle","status":"passed","stage":"finished","steps":[],"attachments":[],"parameters":[],"start":1713452043178,"stop":1713452043178},{"name":"The user navigate to contact Us page","status":"passed","stage":"finished","steps":[],"attachments":[],"parameters":[],"start":1713452046696,"stop":1713452046696},{"name":"The user clicks  Contact Us page through  footer and verify Url-tittle","status":"passed","stage":"finished","steps":[],"attachments":[],"parameters":[],"start":1713452049220,"stop":1713452049220},{"name":"The user verify required fields on  Contact Us form","status":"passed","stage":"finished","steps":[],"attachments":[],"parameters":[],"start":1713452067568,"stop":1713452067568},{"name":"The user verify that they are able to create CustomerService form ","status":"passed","stage":"finished","steps":[],"attachments":[],"parameters":[],"start":1713452070535,"stop":1713452070535},{"name":"The user verify that they are able to create Employment - Prospective form ","status":"passed","stage":"finished","steps":[],"attachments":[],"parameters":[],"start":1713452078972,"stop":1713452078972},{"name":"The user verify that they are able to create Corporate Social Responsibility  ","status":"passed","stage":"finished","steps":[],"attachments":[],"parameters":[],"start":1713452085301,"stop":1713452085301},{"name":"The user verify that they are able to create Vendor Inquiries  ","status":"passed","stage":"finished","steps":[],"attachments":[],"parameters":[],"start":1713452091445,"stop":1713452091445},{"name":"The user verify that they are able to create Website Tech Issues Form ","status":"passed","stage":"finished","steps":[],"attachments":[],"parameters":[],"start":1713452097889,"stop":1713452097889},{"name":"The user verify that they are able to create InvestorsForm ","status":"passed","stage":"finished","steps":[],"attachments":[],"parameters":[],"start":1713452104053,"stop":1713452104053},{"name":"The user verify that they are able to create Real Estate Form ","status":"passed","stage":"finished","steps":[],"attachments":[],"parameters":[],"start":1713452110214,"stop":1713452110214},{"name":"The user verify that they are able to create Real Estate Form ","status":"passed","stage":"finished","steps":[],"attachments":[],"parameters":[],"start":1713452116280,"stop":1713452116280},{"name":"The user navigate FoundINsTORE page","status":"passed","stage":"finished","steps":[],"attachments":[],"parameters":[],"start":1713452122436,"stop":1713452122436},{"name":"The user navigate to Found In Store page","status":"passed","stage":"finished","steps":[],"attachments":[],"parameters":[],"start":1713452126072,"stop":1713452126072},{"name":"The user verify Found In Store page tittle and Texts","status":"passed","stage":"finished","steps":[],"attachments":[],"parameters":[],"start":1713452128660,"stop":1713452128660},{"name":"The user Select ALL from dropdown Menu","status":"passed","stage":"finished","steps":[],"attachments":[],"parameters":[],"start":1713452131797,"stop":1713452131797},{"name":"The user Select ALL from dropdown Menu","status":"passed","stage":"finished","steps":[],"attachments":[],"parameters":[],"start":1713452144477,"stop":1713452144477},{"name":"The user Select ALL from dropdown Menu","status":"passed","stage":"finished","steps":[],"attachments":[],"parameters":[],"start":1713452157317,"stop":1713452157317},{"name":"The user Select ALL from dropdown Menu","status":"passed","stage":"finished","steps":[],"attachments":[],"parameters":[],"start":1713452170160,"stop":1713452170160},{"name":"The user Select ALL from dropdown Menu","status":"passed","stage":"finished","steps":[],"attachments":[],"parameters":[],"start":1713452182965,"stop":1713452182965},{"name":"The user Select ALL from dropdown Menu","status":"passed","stage":"finished","steps":[],"attachments":[],"parameters":[],"start":1713452195557,"stop":1713452195557}],"attachments":[],"parameters":[],"start":1713451935543,"stop":1713452200791}],"attachments":[],"parameters":[],"start":1713451935532,"stop":1713452200804}