{"uuid":"9f5e676a-7274-4c7f-b02b-600a9808aa6f","historyId":"616d39bdc3c8ad0537e8c7e70bfd163d","fullName":"com.newddsdiscounts.tests.DdsDiscounts.testDdsDiscounts","labels":[{"name":"package","value":"com.newddsdiscounts.tests.DdsDiscounts"},{"name":"testClass","value":"com.newddsdiscounts.tests.DdsDiscounts"},{"name":"testMethod","value":"testDdsDiscounts"},{"name":"parentSuite","value":"Default Suite"},{"name":"suite","value":"newddsdiscounts"},{"name":"subSuite","value":"com.newddsdiscounts.tests.DdsDiscounts"},{"name":"host","value":"Yusufs-MacBook-Pro-2.local"},{"name":"thread","value":"55835@Yusufs-MacBook-Pro-2.local.main(1)"},{"name":"framework","value":"testng"},{"name":"language","value":"java"},{"name":"severity","value":"critical"}],"links":[],"name":"testDdsDiscounts","status":"broken","statusDetails":{"known":false,"muted":false,"flaky":false,"message":"element click intercepted: Element <button role=\"button\" class=\"dropdown-item btn\" data-filterid=\"81658,125903\" data-filterslug=\"for-the-home\" type=\"button\" aria-pressed=\"false\">...</button> is not clickable at point (1266, 668). Other element would receive the click: <div id=\"onetrust-button-group\">...</div>\n  (Session info: chrome=124.0.6367.62)\nBuild info: version: '4.19.1', revision: 'abe0ee07dc'\nSystem info: os.name: 'Mac OS X', os.arch: 'aarch64', os.version: '14.2.1', java.version: '22'\nDriver info: org.openqa.selenium.chrome.ChromeDriver\nCommand: [78e4cb5e7557095bc2e8db69b93e0929, clickElement {id=f.04330B74CDF119A0D6F7D925204B9AF4.d.6B01F95106C2950DE4F303856524390A.e.1442}]\nCapabilities {acceptInsecureCerts: false, browserName: chrome, browserVersion: 124.0.6367.62, chrome: {chromedriverVersion: 124.0.6367.60 (8771130bd84f..., userDataDir: /var/folders/rw/q3wn8k015zl...}, fedcm:accounts: true, goog:chromeOptions: {debuggerAddress: localhost:54223}, networkConnectionEnabled: false, pageLoadStrategy: normal, platformName: mac, proxy: Proxy(), se:cdp: ws://localhost:54223/devtoo..., se:cdpVersion: 124.0.6367.62, setWindowRect: true, strictFileInteractability: false, timeouts: {implicit: 0, pageLoad: 300000, script: 30000}, unhandledPromptBehavior: dismiss and notify, webauthn:extension:credBlob: true, webauthn:extension:largeBlob: true, webauthn:extension:minPinLength: true, webauthn:extension:prf: true, webauthn:virtualAuthenticators: true}\nElement: [[ChromeDriver: chrome on mac (78e4cb5e7557095bc2e8db69b93e0929)] -> xpath: //ul[@class='dropdown-menu show']//button[@data-filterslug='for-the-home']]\nSession ID: 78e4cb5e7557095bc2e8db69b93e0929","trace":"org.openqa.selenium.ElementClickInterceptedException: element click intercepted: Element <button role=\"button\" class=\"dropdown-item btn\" data-filterid=\"81658,125903\" data-filterslug=\"for-the-home\" type=\"button\" aria-pressed=\"false\">...</button> is not clickable at point (1266, 668). Other element would receive the click: <div id=\"onetrust-button-group\">...</div>\n  (Session info: chrome=124.0.6367.62)\nBuild info: version: '4.19.1', revision: 'abe0ee07dc'\nSystem info: os.name: 'Mac OS X', os.arch: 'aarch64', os.version: '14.2.1', java.version: '22'\nDriver info: org.openqa.selenium.chrome.ChromeDriver\nCommand: [78e4cb5e7557095bc2e8db69b93e0929, clickElement {id=f.04330B74CDF119A0D6F7D925204B9AF4.d.6B01F95106C2950DE4F303856524390A.e.1442}]\nCapabilities {acceptInsecureCerts: false, browserName: chrome, browserVersion: 124.0.6367.62, chrome: {chromedriverVersion: 124.0.6367.60 (8771130bd84f..., userDataDir: /var/folders/rw/q3wn8k015zl...}, fedcm:accounts: true, goog:chromeOptions: {debuggerAddress: localhost:54223}, networkConnectionEnabled: false, pageLoadStrategy: normal, platformName: mac, proxy: Proxy(), se:cdp: ws://localhost:54223/devtoo..., se:cdpVersion: 124.0.6367.62, setWindowRect: true, strictFileInteractability: false, timeouts: {implicit: 0, pageLoad: 300000, script: 30000}, unhandledPromptBehavior: dismiss and notify, webauthn:extension:credBlob: true, webauthn:extension:largeBlob: true, webauthn:extension:minPinLength: true, webauthn:extension:prf: true, webauthn:virtualAuthenticators: true}\nElement: [[ChromeDriver: chrome on mac (78e4cb5e7557095bc2e8db69b93e0929)] -> xpath: //ul[@class='dropdown-menu show']//button[@data-filterslug='for-the-home']]\nSession ID: 78e4cb5e7557095bc2e8db69b93e0929\n\tat java.base/jdk.internal.reflect.DirectConstructorHandleAccessor.newInstance(DirectConstructorHandleAccessor.java:62)\n\tat java.base/java.lang.reflect.Constructor.newInstanceWithCaller(Constructor.java:502)\n\tat java.base/java.lang.reflect.Constructor.newInstance(Constructor.java:486)\n\tat org.openqa.selenium.remote.ErrorCodec.decode(ErrorCodec.java:167)\n\tat org.openqa.selenium.remote.codec.w3c.W3CHttpResponseCodec.decode(W3CHttpResponseCodec.java:138)\n\tat org.openqa.selenium.remote.codec.w3c.W3CHttpResponseCodec.decode(W3CHttpResponseCodec.java:50)\n\tat org.openqa.selenium.remote.HttpCommandExecutor.execute(HttpCommandExecutor.java:190)\n\tat org.openqa.selenium.remote.service.DriverCommandExecutor.invokeExecute(DriverCommandExecutor.java:216)\n\tat org.openqa.selenium.remote.service.DriverCommandExecutor.execute(DriverCommandExecutor.java:174)\n\tat org.openqa.selenium.remote.RemoteWebDriver.execute(RemoteWebDriver.java:518)\n\tat org.openqa.selenium.remote.RemoteWebElement.execute(RemoteWebElement.java:223)\n\tat org.openqa.selenium.remote.RemoteWebElement.click(RemoteWebElement.java:76)\n\tat java.base/jdk.internal.reflect.DirectMethodHandleAccessor.invoke(DirectMethodHandleAccessor.java:103)\n\tat java.base/java.lang.reflect.Method.invoke(Method.java:580)\n\tat org.openqa.selenium.support.pagefactory.internal.LocatingElementHandler.invoke(LocatingElementHandler.java:51)\n\tat jdk.proxy2/jdk.proxy2.$Proxy14.click(Unknown Source)\n\tat com.newddsdiscounts.pages.FoundInStorePage.clickFoundInStoreSelectHomeFromDropdown(FoundInStorePage.java:348)\n\tat com.newddsdiscounts.tests.DdsDiscounts.testDdsDiscounts(DdsDiscounts.java:69)\n\tat java.base/jdk.internal.reflect.DirectMethodHandleAccessor.invoke(DirectMethodHandleAccessor.java:103)\n\tat java.base/java.lang.reflect.Method.invoke(Method.java:580)\n\tat org.testng.internal.invokers.MethodInvocationHelper.invokeMethod(MethodInvocationHelper.java:139)\n\tat org.testng.internal.invokers.TestInvoker.invokeMethod(TestInvoker.java:677)\n\tat org.testng.internal.invokers.TestInvoker.invokeTestMethod(TestInvoker.java:221)\n\tat org.testng.internal.invokers.MethodRunner.runInSequence(MethodRunner.java:50)\n\tat org.testng.internal.invokers.TestInvoker$MethodInvocationAgent.invoke(TestInvoker.java:969)\n\tat org.testng.internal.invokers.TestInvoker.invokeTestMethods(TestInvoker.java:194)\n\tat org.testng.internal.invokers.TestMethodWorker.invokeTestMethods(TestMethodWorker.java:148)\n\tat org.testng.internal.invokers.TestMethodWorker.run(TestMethodWorker.java:128)\n\tat java.base/java.util.ArrayList.forEach(ArrayList.java:1597)\n\tat org.testng.TestRunner.privateRun(TestRunner.java:829)\n\tat org.testng.TestRunner.run(TestRunner.java:602)\n\tat org.testng.SuiteRunner.runTest(SuiteRunner.java:437)\n\tat org.testng.SuiteRunner.runSequentially(SuiteRunner.java:431)\n\tat org.testng.SuiteRunner.privateRun(SuiteRunner.java:391)\n\tat org.testng.SuiteRunner.run(SuiteRunner.java:330)\n\tat org.testng.SuiteRunnerWorker.runSuite(SuiteRunnerWorker.java:52)\n\tat org.testng.SuiteRunnerWorker.run(SuiteRunnerWorker.java:95)\n\tat org.testng.TestNG.runSuitesSequentially(TestNG.java:1256)\n\tat org.testng.TestNG.runSuitesLocally(TestNG.java:1176)\n\tat org.testng.TestNG.runSuites(TestNG.java:1099)\n\tat org.testng.TestNG.run(TestNG.java:1067)\n\tat com.intellij.rt.testng.IDEARemoteTestNG.run(IDEARemoteTestNG.java:66)\n\tat com.intellij.rt.testng.RemoteTestNGStarter.main(RemoteTestNGStarter.java:109)\n"},"stage":"finished","steps":[{"name":"Ddsdiscount test","status":"broken","statusDetails":{"known":false,"muted":false,"flaky":false,"message":"element click intercepted: Element <button role=\"button\" class=\"dropdown-item btn\" data-filterid=\"81658,125903\" data-filterslug=\"for-the-home\" type=\"button\" aria-pressed=\"false\">...</button> is not clickable at point (1266, 668). Other element would receive the click: <div id=\"onetrust-button-group\">...</div>\n  (Session info: chrome=124.0.6367.62)\nBuild info: version: '4.19.1', revision: 'abe0ee07dc'\nSystem info: os.name: 'Mac OS X', os.arch: 'aarch64', os.version: '14.2.1', java.version: '22'\nDriver info: org.openqa.selenium.chrome.ChromeDriver\nCommand: [78e4cb5e7557095bc2e8db69b93e0929, clickElement {id=f.04330B74CDF119A0D6F7D925204B9AF4.d.6B01F95106C2950DE4F303856524390A.e.1442}]\nCapabilities {acceptInsecureCerts: false, browserName: chrome, browserVersion: 124.0.6367.62, chrome: {chromedriverVersion: 124.0.6367.60 (8771130bd84f..., userDataDir: /var/folders/rw/q3wn8k015zl...}, fedcm:accounts: true, goog:chromeOptions: {debuggerAddress: localhost:54223}, networkConnectionEnabled: false, pageLoadStrategy: normal, platformName: mac, proxy: Proxy(), se:cdp: ws://localhost:54223/devtoo..., se:cdpVersion: 124.0.6367.62, setWindowRect: true, strictFileInteractability: false, timeouts: {implicit: 0, pageLoad: 300000, script: 30000}, unhandledPromptBehavior: dismiss and notify, webauthn:extension:credBlob: true, webauthn:extension:largeBlob: true, webauthn:extension:minPinLength: true, webauthn:extension:prf: true, webauthn:virtualAuthenticators: true}\nElement: [[ChromeDriver: chrome on mac (78e4cb5e7557095bc2e8db69b93e0929)] -> xpath: //ul[@class='dropdown-menu show']//button[@data-filterslug='for-the-home']]\nSession ID: 78e4cb5e7557095bc2e8db69b93e0929","trace":"org.openqa.selenium.ElementClickInterceptedException: element click intercepted: Element <button role=\"button\" class=\"dropdown-item btn\" data-filterid=\"81658,125903\" data-filterslug=\"for-the-home\" type=\"button\" aria-pressed=\"false\">...</button> is not clickable at point (1266, 668). Other element would receive the click: <div id=\"onetrust-button-group\">...</div>\n  (Session info: chrome=124.0.6367.62)\nBuild info: version: '4.19.1', revision: 'abe0ee07dc'\nSystem info: os.name: 'Mac OS X', os.arch: 'aarch64', os.version: '14.2.1', java.version: '22'\nDriver info: org.openqa.selenium.chrome.ChromeDriver\nCommand: [78e4cb5e7557095bc2e8db69b93e0929, clickElement {id=f.04330B74CDF119A0D6F7D925204B9AF4.d.6B01F95106C2950DE4F303856524390A.e.1442}]\nCapabilities {acceptInsecureCerts: false, browserName: chrome, browserVersion: 124.0.6367.62, chrome: {chromedriverVersion: 124.0.6367.60 (8771130bd84f..., userDataDir: /var/folders/rw/q3wn8k015zl...}, fedcm:accounts: true, goog:chromeOptions: {debuggerAddress: localhost:54223}, networkConnectionEnabled: false, pageLoadStrategy: normal, platformName: mac, proxy: Proxy(), se:cdp: ws://localhost:54223/devtoo..., se:cdpVersion: 124.0.6367.62, setWindowRect: true, strictFileInteractability: false, timeouts: {implicit: 0, pageLoad: 300000, script: 30000}, unhandledPromptBehavior: dismiss and notify, webauthn:extension:credBlob: true, webauthn:extension:largeBlob: true, webauthn:extension:minPinLength: true, webauthn:extension:prf: true, webauthn:virtualAuthenticators: true}\nElement: [[ChromeDriver: chrome on mac (78e4cb5e7557095bc2e8db69b93e0929)] -> xpath: //ul[@class='dropdown-menu show']//button[@data-filterslug='for-the-home']]\nSession ID: 78e4cb5e7557095bc2e8db69b93e0929\n\tat java.base/jdk.internal.reflect.DirectConstructorHandleAccessor.newInstance(DirectConstructorHandleAccessor.java:62)\n\tat java.base/java.lang.reflect.Constructor.newInstanceWithCaller(Constructor.java:502)\n\tat java.base/java.lang.reflect.Constructor.newInstance(Constructor.java:486)\n\tat org.openqa.selenium.remote.ErrorCodec.decode(ErrorCodec.java:167)\n\tat org.openqa.selenium.remote.codec.w3c.W3CHttpResponseCodec.decode(W3CHttpResponseCodec.java:138)\n\tat org.openqa.selenium.remote.codec.w3c.W3CHttpResponseCodec.decode(W3CHttpResponseCodec.java:50)\n\tat org.openqa.selenium.remote.HttpCommandExecutor.execute(HttpCommandExecutor.java:190)\n\tat org.openqa.selenium.remote.service.DriverCommandExecutor.invokeExecute(DriverCommandExecutor.java:216)\n\tat org.openqa.selenium.remote.service.DriverCommandExecutor.execute(DriverCommandExecutor.java:174)\n\tat org.openqa.selenium.remote.RemoteWebDriver.execute(RemoteWebDriver.java:518)\n\tat org.openqa.selenium.remote.RemoteWebElement.execute(RemoteWebElement.java:223)\n\tat org.openqa.selenium.remote.RemoteWebElement.click(RemoteWebElement.java:76)\n\tat java.base/jdk.internal.reflect.DirectMethodHandleAccessor.invoke(DirectMethodHandleAccessor.java:103)\n\tat java.base/java.lang.reflect.Method.invoke(Method.java:580)\n\tat org.openqa.selenium.support.pagefactory.internal.LocatingElementHandler.invoke(LocatingElementHandler.java:51)\n\tat jdk.proxy2/jdk.proxy2.$Proxy14.click(Unknown Source)\n\tat com.newddsdiscounts.pages.FoundInStorePage.clickFoundInStoreSelectHomeFromDropdown(FoundInStorePage.java:348)\n\tat com.newddsdiscounts.tests.DdsDiscounts.testDdsDiscounts(DdsDiscounts.java:69)\n\tat java.base/jdk.internal.reflect.DirectMethodHandleAccessor.invoke(DirectMethodHandleAccessor.java:103)\n\tat java.base/java.lang.reflect.Method.invoke(Method.java:580)\n\tat org.testng.internal.invokers.MethodInvocationHelper.invokeMethod(MethodInvocationHelper.java:139)\n\tat org.testng.internal.invokers.TestInvoker.invokeMethod(TestInvoker.java:677)\n\tat org.testng.internal.invokers.TestInvoker.invokeTestMethod(TestInvoker.java:221)\n\tat org.testng.internal.invokers.MethodRunner.runInSequence(MethodRunner.java:50)\n\tat org.testng.internal.invokers.TestInvoker$MethodInvocationAgent.invoke(TestInvoker.java:969)\n\tat org.testng.internal.invokers.TestInvoker.invokeTestMethods(TestInvoker.java:194)\n\tat org.testng.internal.invokers.TestMethodWorker.invokeTestMethods(TestMethodWorker.java:148)\n\tat org.testng.internal.invokers.TestMethodWorker.run(TestMethodWorker.java:128)\n\tat java.base/java.util.ArrayList.forEach(ArrayList.java:1597)\n\tat org.testng.TestRunner.privateRun(TestRunner.java:829)\n\tat org.testng.TestRunner.run(TestRunner.java:602)\n\tat org.testng.SuiteRunner.runTest(SuiteRunner.java:437)\n\tat org.testng.SuiteRunner.runSequentially(SuiteRunner.java:431)\n\tat org.testng.SuiteRunner.privateRun(SuiteRunner.java:391)\n\tat org.testng.SuiteRunner.run(SuiteRunner.java:330)\n\tat org.testng.SuiteRunnerWorker.runSuite(SuiteRunnerWorker.java:52)\n\tat org.testng.SuiteRunnerWorker.run(SuiteRunnerWorker.java:95)\n\tat org.testng.TestNG.runSuitesSequentially(TestNG.java:1256)\n\tat org.testng.TestNG.runSuitesLocally(TestNG.java:1176)\n\tat org.testng.TestNG.runSuites(TestNG.java:1099)\n\tat org.testng.TestNG.run(TestNG.java:1067)\n\tat com.intellij.rt.testng.IDEARemoteTestNG.run(IDEARemoteTestNG.java:66)\n\tat com.intellij.rt.testng.RemoteTestNGStarter.main(RemoteTestNGStarter.java:109)\n"},"stage":"finished","steps":[{"name":"Sign in Modal Window Displayed","status":"passed","stage":"finished","steps":[],"attachments":[],"parameters":[],"start":1713901627666,"stop":1713901627666},{"name":"Check that HomePage Logo And Image displayed as expected.","status":"passed","stage":"finished","steps":[],"attachments":[],"parameters":[],"start":1713901636404,"stop":1713901636404},{"name":"The user navigates to the footer links","status":"passed","stage":"finished","steps":[],"attachments":[],"parameters":[],"start":1713901636462,"stop":1713901636462},{"name":"The user verify all links on home page","status":"passed","stage":"finished","steps":[],"attachments":[],"parameters":[],"start":1713901644821,"stop":1713901644821},{"name":"The user navigates to the nav menu links","status":"passed","stage":"finished","steps":[],"attachments":[],"parameters":[],"start":1713901660389,"stop":1713901660389},{"name":"The user clicks EmailSignUp on Nav menu Social LINKS","status":"passed","stage":"finished","steps":[],"attachments":[],"parameters":[],"start":1713901662591,"stop":1713901662591},{"name":"The user clicks unsubcribe on emailsignup page","status":"passed","stage":"finished","steps":[],"attachments":[],"parameters":[],"start":1713901668765,"stop":1713901668765},{"name":"The user clicks instagram on Nav menu Social LINKS and verify URL and Tittle","status":"passed","stage":"finished","steps":[],"attachments":[],"parameters":[],"start":1713901678205,"stop":1713901678205},{"name":"The user clicks facebook on Nav menu Social LINKS and verify URL and Tittle","status":"passed","stage":"finished","steps":[],"attachments":[],"parameters":[],"start":1713901684699,"stop":1713901684699},{"name":"The user clicks Tiktok on Nav menu Social LINKS and verify URL and Tittle","status":"passed","stage":"finished","steps":[],"attachments":[],"parameters":[],"start":1713901690860,"stop":1713901690860},{"name":"The user clicks  About us  Links  on footer and verify Url and Tittle","status":"passed","stage":"finished","steps":[],"attachments":[],"parameters":[],"start":1713901696621,"stop":1713901696621},{"name":"The user clicks  Careers  Links  on footer and verify Url and Tittle","status":"passed","stage":"finished","steps":[],"attachments":[],"parameters":[],"start":1713901746954,"stop":1713901746954},{"name":"The user clicks  Social responsibility Links  on footer and verify Url and Tittle","status":"passed","stage":"finished","steps":[],"attachments":[],"parameters":[],"start":1713901780529,"stop":1713901780530},{"name":"The user clicks  Diversity  Links  on footer and verify Url and Tittle","status":"passed","stage":"finished","steps":[],"attachments":[],"parameters":[],"start":1713901805860,"stop":1713901805860},{"name":"The user clicks  Diversity  Links  on footer and verify Url and Tittle","status":"passed","stage":"finished","steps":[],"attachments":[],"parameters":[],"start":1713901808461,"stop":1713901808461},{"name":"The user clicks  Investors  Links  on footer and verify Url","status":"passed","stage":"finished","steps":[],"attachments":[],"parameters":[],"start":1713901814114,"stop":1713901814114},{"name":"The user clicks  Products Sourcing  Links  on footer and verify Url","status":"passed","stage":"finished","steps":[],"attachments":[],"parameters":[],"start":1713901819431,"stop":1713901819431},{"name":"The user clicks  Associates  Links  on footer and verify Url","status":"passed","stage":"finished","steps":[],"attachments":[],"parameters":[],"start":1713901823527,"stop":1713901823527},{"name":"The user clicks  LegalNotices  Links  on footer and verify Url and Tittle","status":"passed","stage":"finished","steps":[],"attachments":[],"parameters":[],"start":1713901829391,"stop":1713901829391},{"name":"The user clicks  ComparisonPricing  Links  on footer and verify Url and Tittle","status":"passed","stage":"finished","steps":[],"attachments":[],"parameters":[],"start":1713901847572,"stop":1713901847572},{"name":"The user clicks  SiteMap  Links  on footer and verify Url and Tittle","status":"passed","stage":"finished","steps":[],"attachments":[],"parameters":[],"start":1713901850859,"stop":1713901850859},{"name":"The user clicks  Privacy policy Links  on footer and verify Url and Tittle","status":"passed","stage":"finished","steps":[],"attachments":[],"parameters":[],"start":1713901853969,"stop":1713901853969},{"name":"The user clicks  accessibility Links  on footer and verify Url and Tittle","status":"passed","stage":"finished","steps":[],"attachments":[],"parameters":[],"start":1713901857276,"stop":1713901857276},{"name":"The user clicks on Do not Sell Links  on footer and verify its displayed","status":"passed","stage":"finished","steps":[],"attachments":[],"parameters":[],"start":1713901860788,"stop":1713901860788},{"name":"The user clicks  TermsofUse Links  on footer and verify Url and Tittle","status":"passed","stage":"finished","steps":[],"attachments":[],"parameters":[],"start":1713901864497,"stop":1713901864498},{"name":"The user navigate to contact Us page","status":"passed","stage":"finished","steps":[],"attachments":[],"parameters":[],"start":1713901868023,"stop":1713901868023},{"name":"The user clicks  Contact Us page through  footer and verify Url-tittle","status":"passed","stage":"finished","steps":[],"attachments":[],"parameters":[],"start":1713901870596,"stop":1713901870596},{"name":"The user verify required fields on  Contact Us form","status":"passed","stage":"finished","steps":[],"attachments":[],"parameters":[],"start":1713901888788,"stop":1713901888788},{"name":"The user verify that they are able to create CustomerService form ","status":"passed","stage":"finished","steps":[],"attachments":[],"parameters":[],"start":1713901891600,"stop":1713901891600},{"name":"The user verify that they are able to create Employment - Prospective form ","status":"passed","stage":"finished","steps":[],"attachments":[],"parameters":[],"start":1713901900011,"stop":1713901900011},{"name":"The user verify that they are able to create Corporate Social Responsibility  ","status":"passed","stage":"finished","steps":[],"attachments":[],"parameters":[],"start":1713901906070,"stop":1713901906070},{"name":"The user verify that they are able to create Vendor Inquiries  ","status":"passed","stage":"finished","steps":[],"attachments":[],"parameters":[],"start":1713901912188,"stop":1713901912188},{"name":"The user verify that they are able to create Website Tech Issues Form ","status":"passed","stage":"finished","steps":[],"attachments":[],"parameters":[],"start":1713901918337,"stop":1713901918337},{"name":"The user verify that they are able to create InvestorsForm ","status":"passed","stage":"finished","steps":[],"attachments":[],"parameters":[],"start":1713901924285,"stop":1713901924285},{"name":"The user verify that they are able to create Real Estate Form ","status":"passed","stage":"finished","steps":[],"attachments":[],"parameters":[],"start":1713901930275,"stop":1713901930275},{"name":"The user verify that they are able to create Real Estate Form ","status":"passed","stage":"finished","steps":[],"attachments":[],"parameters":[],"start":1713901936297,"stop":1713901936297},{"name":"The user navigate FoundINsTORE page","status":"passed","stage":"finished","steps":[],"attachments":[],"parameters":[],"start":1713901942243,"stop":1713901942243},{"name":"The user navigate to Found In Store page","status":"passed","stage":"finished","steps":[],"attachments":[],"parameters":[],"start":1713901945878,"stop":1713901945878},{"name":"The user verify Found In Store page tittle and Texts","status":"passed","stage":"finished","steps":[],"attachments":[],"parameters":[],"start":1713901948607,"stop":1713901948607},{"name":"The user Select ALL from dropdown Menu","status":"passed","stage":"finished","steps":[],"attachments":[],"parameters":[],"start":1713901951187,"stop":1713901951187},{"name":"The user Select ALL from dropdown Menu","status":"passed","stage":"finished","steps":[],"attachments":[],"parameters":[],"start":1713901963867,"stop":1713901963867},{"name":"The user Select ALL from dropdown Menu","status":"passed","stage":"finished","steps":[],"attachments":[],"parameters":[],"start":1713901976553,"stop":1713901976553},{"name":"The user Select ALL from dropdown Menu","status":"passed","stage":"finished","steps":[],"attachments":[],"parameters":[],"start":1713901989961,"stop":1713901989961},{"name":"The user Select ALL from dropdown Menu","status":"passed","stage":"finished","steps":[],"attachments":[],"parameters":[],"start":1713902002475,"stop":1713902002475},{"name":"The user Select ALL from dropdown Menu","status":"passed","stage":"finished","steps":[],"attachments":[],"parameters":[],"start":1713902015077,"stop":1713902015077}],"attachments":[],"parameters":[],"start":1713901627666,"stop":1713902020797}],"attachments":[],"parameters":[],"start":1713901627615,"stop":1713902020808}