{"uuid":"db50d2d8-c280-4716-b126-46a91392eaab","historyId":"616d39bdc3c8ad0537e8c7e70bfd163d","fullName":"com.newddsdiscounts.tests.DdsDiscounts.testDdsDiscounts","labels":[{"name":"package","value":"com.newddsdiscounts.tests.DdsDiscounts"},{"name":"testClass","value":"com.newddsdiscounts.tests.DdsDiscounts"},{"name":"testMethod","value":"testDdsDiscounts"},{"name":"parentSuite","value":"Default Suite"},{"name":"suite","value":"newddsdiscounts"},{"name":"subSuite","value":"com.newddsdiscounts.tests.DdsDiscounts"},{"name":"host","value":"US4GSDM0CDRJ4"},{"name":"thread","value":"44708@US4GSDM0CDRJ4.main(1)"},{"name":"framework","value":"testng"},{"name":"language","value":"java"},{"name":"severity","value":"critical"}],"links":[],"name":"testDdsDiscounts","status":"broken","statusDetails":{"known":false,"muted":false,"flaky":false,"message":"no such element: Unable to locate element: {\"method\":\"xpath\",\"selector\":\"//li[@id='menu-item-611']//a[@href='https://corp.rossstores.com/responsibility/empowering-our-associates/our-commitment-to-diversity/']\"}\n  (Session info: chrome=133.0.6943.54)\nFor documentation on this error, please visit: https://www.selenium.dev/documentation/webdriver/troubleshooting/errors#no-such-element-exception\nBuild info: version: '4.19.1', revision: 'abe0ee07dc'\nSystem info: os.name: 'Mac OS X', os.arch: 'aarch64', os.version: '15.3.1', java.version: '17.0.12'\nDriver info: org.openqa.selenium.chrome.ChromeDriver\nCommand: [fe628bcb7a54cf663973790421aef96b, findElement {using=xpath, value=//li[@id='menu-item-611']//a[@href='https://corp.rossstores.com/responsibility/empowering-our-associates/our-commitment-to-diversity/']}]\nCapabilities {acceptInsecureCerts: false, browserName: chrome, browserVersion: 133.0.6943.54, chrome: {chromedriverVersion: 133.0.6943.141 (2a5d6da0d61..., userDataDir: /var/folders/fk/9dwsn5tn4wd...}, fedcm:accounts: true, goog:chromeOptions: {debuggerAddress: localhost:64172}, networkConnectionEnabled: false, pageLoadStrategy: normal, platformName: mac, proxy: Proxy(), se:cdp: ws://localhost:64172/devtoo..., se:cdpVersion: 133.0.6943.54, setWindowRect: true, strictFileInteractability: false, timeouts: {implicit: 0, pageLoad: 300000, script: 30000}, unhandledPromptBehavior: dismiss and notify, webauthn:extension:credBlob: true, webauthn:extension:largeBlob: true, webauthn:extension:minPinLength: true, webauthn:extension:prf: true, webauthn:virtualAuthenticators: true}\nSession ID: fe628bcb7a54cf663973790421aef96b","trace":"org.openqa.selenium.NoSuchElementException: no such element: Unable to locate element: {\"method\":\"xpath\",\"selector\":\"//li[@id='menu-item-611']//a[@href='https://corp.rossstores.com/responsibility/empowering-our-associates/our-commitment-to-diversity/']\"}\n  (Session info: chrome=133.0.6943.54)\nFor documentation on this error, please visit: https://www.selenium.dev/documentation/webdriver/troubleshooting/errors#no-such-element-exception\nBuild info: version: '4.19.1', revision: 'abe0ee07dc'\nSystem info: os.name: 'Mac OS X', os.arch: 'aarch64', os.version: '15.3.1', java.version: '17.0.12'\nDriver info: org.openqa.selenium.chrome.ChromeDriver\nCommand: [fe628bcb7a54cf663973790421aef96b, findElement {using=xpath, value=//li[@id='menu-item-611']//a[@href='https://corp.rossstores.com/responsibility/empowering-our-associates/our-commitment-to-diversity/']}]\nCapabilities {acceptInsecureCerts: false, browserName: chrome, browserVersion: 133.0.6943.54, chrome: {chromedriverVersion: 133.0.6943.141 (2a5d6da0d61..., userDataDir: /var/folders/fk/9dwsn5tn4wd...}, fedcm:accounts: true, goog:chromeOptions: {debuggerAddress: localhost:64172}, networkConnectionEnabled: false, pageLoadStrategy: normal, platformName: mac, proxy: Proxy(), se:cdp: ws://localhost:64172/devtoo..., se:cdpVersion: 133.0.6943.54, setWindowRect: true, strictFileInteractability: false, timeouts: {implicit: 0, pageLoad: 300000, script: 30000}, unhandledPromptBehavior: dismiss and notify, webauthn:extension:credBlob: true, webauthn:extension:largeBlob: true, webauthn:extension:minPinLength: true, webauthn:extension:prf: true, webauthn:virtualAuthenticators: true}\nSession ID: fe628bcb7a54cf663973790421aef96b\n\tat java.base/jdk.internal.reflect.NativeConstructorAccessorImpl.newInstance0(Native Method)\n\tat java.base/jdk.internal.reflect.NativeConstructorAccessorImpl.newInstance(NativeConstructorAccessorImpl.java:77)\n\tat java.base/jdk.internal.reflect.DelegatingConstructorAccessorImpl.newInstance(DelegatingConstructorAccessorImpl.java:45)\n\tat java.base/java.lang.reflect.Constructor.newInstanceWithCaller(Constructor.java:500)\n\tat java.base/java.lang.reflect.Constructor.newInstance(Constructor.java:481)\n\tat org.openqa.selenium.remote.ErrorCodec.decode(ErrorCodec.java:167)\n\tat org.openqa.selenium.remote.codec.w3c.W3CHttpResponseCodec.decode(W3CHttpResponseCodec.java:138)\n\tat org.openqa.selenium.remote.codec.w3c.W3CHttpResponseCodec.decode(W3CHttpResponseCodec.java:50)\n\tat org.openqa.selenium.remote.HttpCommandExecutor.execute(HttpCommandExecutor.java:190)\n\tat org.openqa.selenium.remote.service.DriverCommandExecutor.invokeExecute(DriverCommandExecutor.java:216)\n\tat org.openqa.selenium.remote.service.DriverCommandExecutor.execute(DriverCommandExecutor.java:174)\n\tat org.openqa.selenium.remote.RemoteWebDriver.execute(RemoteWebDriver.java:518)\n\tat org.openqa.selenium.remote.ElementLocation$ElementFinder$2.findElement(ElementLocation.java:165)\n\tat org.openqa.selenium.remote.ElementLocation.findElement(ElementLocation.java:59)\n\tat org.openqa.selenium.remote.RemoteWebDriver.findElement(RemoteWebDriver.java:355)\n\tat org.openqa.selenium.remote.RemoteWebDriver.findElement(RemoteWebDriver.java:349)\n\tat org.openqa.selenium.support.pagefactory.DefaultElementLocator.findElement(DefaultElementLocator.java:68)\n\tat org.openqa.selenium.support.pagefactory.internal.LocatingElementHandler.invoke(LocatingElementHandler.java:38)\n\tat jdk.proxy2/jdk.proxy2.$Proxy14.click(Unknown Source)\n\tat com.newddsdiscounts.utils.BrowserUtils.click(BrowserUtils.java:67)\n\tat com.newddsdiscounts.pages.HomePage.clickFooterDiversityPageAndVerifyUrlAndTittle(HomePage.java:991)\n\tat com.newddsdiscounts.tests.DdsDiscounts.testDdsDiscounts(DdsDiscounts.java:35)\n\tat java.base/jdk.internal.reflect.NativeMethodAccessorImpl.invoke0(Native Method)\n\tat java.base/jdk.internal.reflect.NativeMethodAccessorImpl.invoke(NativeMethodAccessorImpl.java:77)\n\tat java.base/jdk.internal.reflect.DelegatingMethodAccessorImpl.invoke(DelegatingMethodAccessorImpl.java:43)\n\tat java.base/java.lang.reflect.Method.invoke(Method.java:569)\n\tat org.testng.internal.invokers.MethodInvocationHelper.invokeMethod(MethodInvocationHelper.java:139)\n\tat org.testng.internal.invokers.TestInvoker.invokeMethod(TestInvoker.java:677)\n\tat org.testng.internal.invokers.TestInvoker.invokeTestMethod(TestInvoker.java:221)\n\tat org.testng.internal.invokers.MethodRunner.runInSequence(MethodRunner.java:50)\n\tat org.testng.internal.invokers.TestInvoker$MethodInvocationAgent.invoke(TestInvoker.java:969)\n\tat org.testng.internal.invokers.TestInvoker.invokeTestMethods(TestInvoker.java:194)\n\tat org.testng.internal.invokers.TestMethodWorker.invokeTestMethods(TestMethodWorker.java:148)\n\tat org.testng.internal.invokers.TestMethodWorker.run(TestMethodWorker.java:128)\n\tat java.base/java.util.ArrayList.forEach(ArrayList.java:1511)\n\tat org.testng.TestRunner.privateRun(TestRunner.java:829)\n\tat org.testng.TestRunner.run(TestRunner.java:602)\n\tat org.testng.SuiteRunner.runTest(SuiteRunner.java:437)\n\tat org.testng.SuiteRunner.runSequentially(SuiteRunner.java:431)\n\tat org.testng.SuiteRunner.privateRun(SuiteRunner.java:391)\n\tat org.testng.SuiteRunner.run(SuiteRunner.java:330)\n\tat org.testng.SuiteRunnerWorker.runSuite(SuiteRunnerWorker.java:52)\n\tat org.testng.SuiteRunnerWorker.run(SuiteRunnerWorker.java:95)\n\tat org.testng.TestNG.runSuitesSequentially(TestNG.java:1256)\n\tat org.testng.TestNG.runSuitesLocally(TestNG.java:1176)\n\tat org.testng.TestNG.runSuites(TestNG.java:1099)\n\tat org.testng.TestNG.run(TestNG.java:1067)\n\tat com.intellij.rt.testng.IDEARemoteTestNG.run(IDEARemoteTestNG.java:65)\n\tat com.intellij.rt.testng.RemoteTestNGStarter.main(RemoteTestNGStarter.java:105)\n"},"stage":"finished","steps":[{"name":"Ddsdiscount test","status":"broken","statusDetails":{"known":false,"muted":false,"flaky":false,"message":"no such element: Unable to locate element: {\"method\":\"xpath\",\"selector\":\"//li[@id='menu-item-611']//a[@href='https://corp.rossstores.com/responsibility/empowering-our-associates/our-commitment-to-diversity/']\"}\n  (Session info: chrome=133.0.6943.54)\nFor documentation on this error, please visit: https://www.selenium.dev/documentation/webdriver/troubleshooting/errors#no-such-element-exception\nBuild info: version: '4.19.1', revision: 'abe0ee07dc'\nSystem info: os.name: 'Mac OS X', os.arch: 'aarch64', os.version: '15.3.1', java.version: '17.0.12'\nDriver info: org.openqa.selenium.chrome.ChromeDriver\nCommand: [fe628bcb7a54cf663973790421aef96b, findElement {using=xpath, value=//li[@id='menu-item-611']//a[@href='https://corp.rossstores.com/responsibility/empowering-our-associates/our-commitment-to-diversity/']}]\nCapabilities {acceptInsecureCerts: false, browserName: chrome, browserVersion: 133.0.6943.54, chrome: {chromedriverVersion: 133.0.6943.141 (2a5d6da0d61..., userDataDir: /var/folders/fk/9dwsn5tn4wd...}, fedcm:accounts: true, goog:chromeOptions: {debuggerAddress: localhost:64172}, networkConnectionEnabled: false, pageLoadStrategy: normal, platformName: mac, proxy: Proxy(), se:cdp: ws://localhost:64172/devtoo..., se:cdpVersion: 133.0.6943.54, setWindowRect: true, strictFileInteractability: false, timeouts: {implicit: 0, pageLoad: 300000, script: 30000}, unhandledPromptBehavior: dismiss and notify, webauthn:extension:credBlob: true, webauthn:extension:largeBlob: true, webauthn:extension:minPinLength: true, webauthn:extension:prf: true, webauthn:virtualAuthenticators: true}\nSession ID: fe628bcb7a54cf663973790421aef96b","trace":"org.openqa.selenium.NoSuchElementException: no such element: Unable to locate element: {\"method\":\"xpath\",\"selector\":\"//li[@id='menu-item-611']//a[@href='https://corp.rossstores.com/responsibility/empowering-our-associates/our-commitment-to-diversity/']\"}\n  (Session info: chrome=133.0.6943.54)\nFor documentation on this error, please visit: https://www.selenium.dev/documentation/webdriver/troubleshooting/errors#no-such-element-exception\nBuild info: version: '4.19.1', revision: 'abe0ee07dc'\nSystem info: os.name: 'Mac OS X', os.arch: 'aarch64', os.version: '15.3.1', java.version: '17.0.12'\nDriver info: org.openqa.selenium.chrome.ChromeDriver\nCommand: [fe628bcb7a54cf663973790421aef96b, findElement {using=xpath, value=//li[@id='menu-item-611']//a[@href='https://corp.rossstores.com/responsibility/empowering-our-associates/our-commitment-to-diversity/']}]\nCapabilities {acceptInsecureCerts: false, browserName: chrome, browserVersion: 133.0.6943.54, chrome: {chromedriverVersion: 133.0.6943.141 (2a5d6da0d61..., userDataDir: /var/folders/fk/9dwsn5tn4wd...}, fedcm:accounts: true, goog:chromeOptions: {debuggerAddress: localhost:64172}, networkConnectionEnabled: false, pageLoadStrategy: normal, platformName: mac, proxy: Proxy(), se:cdp: ws://localhost:64172/devtoo..., se:cdpVersion: 133.0.6943.54, setWindowRect: true, strictFileInteractability: false, timeouts: {implicit: 0, pageLoad: 300000, script: 30000}, unhandledPromptBehavior: dismiss and notify, webauthn:extension:credBlob: true, webauthn:extension:largeBlob: true, webauthn:extension:minPinLength: true, webauthn:extension:prf: true, webauthn:virtualAuthenticators: true}\nSession ID: fe628bcb7a54cf663973790421aef96b\n\tat java.base/jdk.internal.reflect.NativeConstructorAccessorImpl.newInstance0(Native Method)\n\tat java.base/jdk.internal.reflect.NativeConstructorAccessorImpl.newInstance(NativeConstructorAccessorImpl.java:77)\n\tat java.base/jdk.internal.reflect.DelegatingConstructorAccessorImpl.newInstance(DelegatingConstructorAccessorImpl.java:45)\n\tat java.base/java.lang.reflect.Constructor.newInstanceWithCaller(Constructor.java:500)\n\tat java.base/java.lang.reflect.Constructor.newInstance(Constructor.java:481)\n\tat org.openqa.selenium.remote.ErrorCodec.decode(ErrorCodec.java:167)\n\tat org.openqa.selenium.remote.codec.w3c.W3CHttpResponseCodec.decode(W3CHttpResponseCodec.java:138)\n\tat org.openqa.selenium.remote.codec.w3c.W3CHttpResponseCodec.decode(W3CHttpResponseCodec.java:50)\n\tat org.openqa.selenium.remote.HttpCommandExecutor.execute(HttpCommandExecutor.java:190)\n\tat org.openqa.selenium.remote.service.DriverCommandExecutor.invokeExecute(DriverCommandExecutor.java:216)\n\tat org.openqa.selenium.remote.service.DriverCommandExecutor.execute(DriverCommandExecutor.java:174)\n\tat org.openqa.selenium.remote.RemoteWebDriver.execute(RemoteWebDriver.java:518)\n\tat org.openqa.selenium.remote.ElementLocation$ElementFinder$2.findElement(ElementLocation.java:165)\n\tat org.openqa.selenium.remote.ElementLocation.findElement(ElementLocation.java:59)\n\tat org.openqa.selenium.remote.RemoteWebDriver.findElement(RemoteWebDriver.java:355)\n\tat org.openqa.selenium.remote.RemoteWebDriver.findElement(RemoteWebDriver.java:349)\n\tat org.openqa.selenium.support.pagefactory.DefaultElementLocator.findElement(DefaultElementLocator.java:68)\n\tat org.openqa.selenium.support.pagefactory.internal.LocatingElementHandler.invoke(LocatingElementHandler.java:38)\n\tat jdk.proxy2/jdk.proxy2.$Proxy14.click(Unknown Source)\n\tat com.newddsdiscounts.utils.BrowserUtils.click(BrowserUtils.java:67)\n\tat com.newddsdiscounts.pages.HomePage.clickFooterDiversityPageAndVerifyUrlAndTittle(HomePage.java:991)\n\tat com.newddsdiscounts.tests.DdsDiscounts.testDdsDiscounts(DdsDiscounts.java:35)\n\tat java.base/jdk.internal.reflect.NativeMethodAccessorImpl.invoke0(Native Method)\n\tat java.base/jdk.internal.reflect.NativeMethodAccessorImpl.invoke(NativeMethodAccessorImpl.java:77)\n\tat java.base/jdk.internal.reflect.DelegatingMethodAccessorImpl.invoke(DelegatingMethodAccessorImpl.java:43)\n\tat java.base/java.lang.reflect.Method.invoke(Method.java:569)\n\tat org.testng.internal.invokers.MethodInvocationHelper.invokeMethod(MethodInvocationHelper.java:139)\n\tat org.testng.internal.invokers.TestInvoker.invokeMethod(TestInvoker.java:677)\n\tat org.testng.internal.invokers.TestInvoker.invokeTestMethod(TestInvoker.java:221)\n\tat org.testng.internal.invokers.MethodRunner.runInSequence(MethodRunner.java:50)\n\tat org.testng.internal.invokers.TestInvoker$MethodInvocationAgent.invoke(TestInvoker.java:969)\n\tat org.testng.internal.invokers.TestInvoker.invokeTestMethods(TestInvoker.java:194)\n\tat org.testng.internal.invokers.TestMethodWorker.invokeTestMethods(TestMethodWorker.java:148)\n\tat org.testng.internal.invokers.TestMethodWorker.run(TestMethodWorker.java:128)\n\tat java.base/java.util.ArrayList.forEach(ArrayList.java:1511)\n\tat org.testng.TestRunner.privateRun(TestRunner.java:829)\n\tat org.testng.TestRunner.run(TestRunner.java:602)\n\tat org.testng.SuiteRunner.runTest(SuiteRunner.java:437)\n\tat org.testng.SuiteRunner.runSequentially(SuiteRunner.java:431)\n\tat org.testng.SuiteRunner.privateRun(SuiteRunner.java:391)\n\tat org.testng.SuiteRunner.run(SuiteRunner.java:330)\n\tat org.testng.SuiteRunnerWorker.runSuite(SuiteRunnerWorker.java:52)\n\tat org.testng.SuiteRunnerWorker.run(SuiteRunnerWorker.java:95)\n\tat org.testng.TestNG.runSuitesSequentially(TestNG.java:1256)\n\tat org.testng.TestNG.runSuitesLocally(TestNG.java:1176)\n\tat org.testng.TestNG.runSuites(TestNG.java:1099)\n\tat org.testng.TestNG.run(TestNG.java:1067)\n\tat com.intellij.rt.testng.IDEARemoteTestNG.run(IDEARemoteTestNG.java:65)\n\tat com.intellij.rt.testng.RemoteTestNGStarter.main(RemoteTestNGStarter.java:105)\n"},"stage":"finished","steps":[{"name":"Sign in Modal Window Displayed","status":"passed","stage":"finished","steps":[],"attachments":[],"parameters":[],"start":1740594186121,"stop":1740594186121},{"name":"Check that HomePage Logo And Image displayed as expected.","status":"passed","stage":"finished","steps":[],"attachments":[],"parameters":[],"start":1740594193776,"stop":1740594193776},{"name":"The user navigates to the footer links","status":"passed","stage":"finished","steps":[],"attachments":[],"parameters":[],"start":1740594193854,"stop":1740594193854},{"name":"The user verify all links on home page","status":"passed","stage":"finished","steps":[],"attachments":[],"parameters":[],"start":1740594199393,"stop":1740594199393},{"name":"The user navigates to the nav menu links","status":"passed","stage":"finished","steps":[],"attachments":[],"parameters":[],"start":1740594208159,"stop":1740594208159},{"name":"The user clicks EmailSignUp on Nav menu Social LINKS","status":"passed","stage":"finished","steps":[],"attachments":[],"parameters":[],"start":1740594220844,"stop":1740594220844},{"name":"The user clicks unsubcribe on emailsignup page","status":"passed","stage":"finished","steps":[],"attachments":[],"parameters":[],"start":1740594224729,"stop":1740594224729},{"name":"The user clicks instagram on Nav menu Social LINKS and verify URL and Tittle","status":"passed","stage":"finished","steps":[],"attachments":[],"parameters":[],"start":1740594230783,"stop":1740594230783},{"name":"The user clicks facebook on Nav menu Social LINKS and verify URL and Tittle","status":"passed","stage":"finished","steps":[],"attachments":[],"parameters":[],"start":1740594236397,"stop":1740594236397},{"name":"The user clicks Tiktok on Nav menu Social LINKS and verify URL and Tittle","status":"passed","stage":"finished","steps":[],"attachments":[],"parameters":[],"start":1740594242249,"stop":1740594242249},{"name":"The user clicks  About us  Links  on footer and verify Url and Tittle","status":"passed","stage":"finished","steps":[],"attachments":[],"parameters":[],"start":1740594250237,"stop":1740594250237},{"name":"The user clicks  Careers  Links  on footer and verify Url and Tittle","status":"passed","stage":"finished","steps":[],"attachments":[],"parameters":[],"start":1740594267214,"stop":1740594267215},{"name":"The user clicks  Social responsibility Links  on footer and verify Url and Tittle","status":"passed","stage":"finished","steps":[],"attachments":[],"parameters":[],"start":1740594270196,"stop":1740594270196},{"name":"The user clicks  Diversity  Links  on footer and verify Url and Tittle","status":"passed","stage":"finished","steps":[],"attachments":[],"parameters":[],"start":1740594287952,"stop":1740594287952},{"name":"The user clicks  Diversity  Links  on footer and verify Url and Tittle","status":"passed","stage":"finished","steps":[],"attachments":[],"parameters":[],"start":1740594290168,"stop":1740594290168}],"attachments":[],"parameters":[],"start":1740594186121,"stop":1740594312405}],"attachments":[],"parameters":[],"start":1740594186111,"stop":1740594312412}