{"uuid":"eee9efc8-5740-4d56-8c0d-b728dbc2174b","historyId":"616d39bdc3c8ad0537e8c7e70bfd163d","fullName":"com.newddsdiscounts.tests.DdsDiscounts.testDdsDiscounts","labels":[{"name":"package","value":"com.newddsdiscounts.tests.DdsDiscounts"},{"name":"testClass","value":"com.newddsdiscounts.tests.DdsDiscounts"},{"name":"testMethod","value":"testDdsDiscounts"},{"name":"parentSuite","value":"Default Suite"},{"name":"suite","value":"newddsdiscounts"},{"name":"subSuite","value":"com.newddsdiscounts.tests.DdsDiscounts"},{"name":"host","value":"US4GSDM0FF14EML"},{"name":"thread","value":"17770@US4GSDM0FF14EML.main(1)"},{"name":"framework","value":"testng"},{"name":"language","value":"java"},{"name":"severity","value":"critical"}],"links":[],"name":"testDdsDiscounts","status":"broken","statusDetails":{"known":false,"muted":false,"flaky":false,"message":"element click intercepted: Element is not clickable at point (1082, 1411)\n  (Session info: chrome=126.0.6478.62)\nBuild info: version: '4.19.1', revision: 'abe0ee07dc'\nSystem info: os.name: 'Mac OS X', os.arch: 'x86_64', os.version: '14.5', java.version: '22.0.1'\nDriver info: org.openqa.selenium.chrome.ChromeDriver\nCommand: [3e480379c3229baf5caef92f30908e33, clickElement {id=f.298C0B2B7920A5AFB789360C920A8C92.d.D51BBBEEFF664BB538855626DCCCE23A.e.67}]\nCapabilities {acceptInsecureCerts: false, browserName: chrome, browserVersion: 126.0.6478.62, chrome: {chromedriverVersion: 126.0.6478.63 (df799988fdc9..., userDataDir: /var/folders/66/w2xq82ns7_1...}, fedcm:accounts: true, goog:chromeOptions: {debuggerAddress: localhost:62697}, networkConnectionEnabled: false, pageLoadStrategy: normal, platformName: mac, proxy: Proxy(), se:cdp: ws://localhost:62697/devtoo..., se:cdpVersion: 126.0.6478.62, setWindowRect: true, strictFileInteractability: false, timeouts: {implicit: 0, pageLoad: 300000, script: 30000}, unhandledPromptBehavior: dismiss and notify, webauthn:extension:credBlob: true, webauthn:extension:largeBlob: true, webauthn:extension:minPinLength: true, webauthn:extension:prf: true, webauthn:virtualAuthenticators: true}\nElement: [[ChromeDriver: chrome on mac (3e480379c3229baf5caef92f30908e33)] -> xpath: //a[@href='https://corp.rossstores.com/Responsibility/Supporting-our-communities/First-Book']]\nSession ID: 3e480379c3229baf5caef92f30908e33","trace":"org.openqa.selenium.ElementClickInterceptedException: element click intercepted: Element is not clickable at point (1082, 1411)\n  (Session info: chrome=126.0.6478.62)\nBuild info: version: '4.19.1', revision: 'abe0ee07dc'\nSystem info: os.name: 'Mac OS X', os.arch: 'x86_64', os.version: '14.5', java.version: '22.0.1'\nDriver info: org.openqa.selenium.chrome.ChromeDriver\nCommand: [3e480379c3229baf5caef92f30908e33, clickElement {id=f.298C0B2B7920A5AFB789360C920A8C92.d.D51BBBEEFF664BB538855626DCCCE23A.e.67}]\nCapabilities {acceptInsecureCerts: false, browserName: chrome, browserVersion: 126.0.6478.62, chrome: {chromedriverVersion: 126.0.6478.63 (df799988fdc9..., userDataDir: /var/folders/66/w2xq82ns7_1...}, fedcm:accounts: true, goog:chromeOptions: {debuggerAddress: localhost:62697}, networkConnectionEnabled: false, pageLoadStrategy: normal, platformName: mac, proxy: Proxy(), se:cdp: ws://localhost:62697/devtoo..., se:cdpVersion: 126.0.6478.62, setWindowRect: true, strictFileInteractability: false, timeouts: {implicit: 0, pageLoad: 300000, script: 30000}, unhandledPromptBehavior: dismiss and notify, webauthn:extension:credBlob: true, webauthn:extension:largeBlob: true, webauthn:extension:minPinLength: true, webauthn:extension:prf: true, webauthn:virtualAuthenticators: true}\nElement: [[ChromeDriver: chrome on mac (3e480379c3229baf5caef92f30908e33)] -> xpath: //a[@href='https://corp.rossstores.com/Responsibility/Supporting-our-communities/First-Book']]\nSession ID: 3e480379c3229baf5caef92f30908e33\n\tat java.base/jdk.internal.reflect.DirectConstructorHandleAccessor.newInstance(DirectConstructorHandleAccessor.java:62)\n\tat java.base/java.lang.reflect.Constructor.newInstanceWithCaller(Constructor.java:502)\n\tat java.base/java.lang.reflect.Constructor.newInstance(Constructor.java:486)\n\tat org.openqa.selenium.remote.ErrorCodec.decode(ErrorCodec.java:167)\n\tat org.openqa.selenium.remote.codec.w3c.W3CHttpResponseCodec.decode(W3CHttpResponseCodec.java:138)\n\tat org.openqa.selenium.remote.codec.w3c.W3CHttpResponseCodec.decode(W3CHttpResponseCodec.java:50)\n\tat org.openqa.selenium.remote.HttpCommandExecutor.execute(HttpCommandExecutor.java:190)\n\tat org.openqa.selenium.remote.service.DriverCommandExecutor.invokeExecute(DriverCommandExecutor.java:216)\n\tat org.openqa.selenium.remote.service.DriverCommandExecutor.execute(DriverCommandExecutor.java:174)\n\tat org.openqa.selenium.remote.RemoteWebDriver.execute(RemoteWebDriver.java:518)\n\tat org.openqa.selenium.remote.RemoteWebElement.execute(RemoteWebElement.java:223)\n\tat org.openqa.selenium.remote.RemoteWebElement.click(RemoteWebElement.java:76)\n\tat java.base/jdk.internal.reflect.DirectMethodHandleAccessor.invoke(DirectMethodHandleAccessor.java:103)\n\tat java.base/java.lang.reflect.Method.invoke(Method.java:580)\n\tat org.openqa.selenium.support.pagefactory.internal.LocatingElementHandler.invoke(LocatingElementHandler.java:51)\n\tat jdk.proxy2/jdk.proxy2.$Proxy14.click(Unknown Source)\n\tat com.newddsdiscounts.utils.BrowserUtils.click(BrowserUtils.java:67)\n\tat com.newddsdiscounts.pages.HomePage.clickFooterAboutUsLinksAndVerifyUrlAndTittle(HomePage.java:757)\n\tat com.newddsdiscounts.tests.DdsDiscounts.testDdsDiscounts(DdsDiscounts.java:31)\n\tat java.base/jdk.internal.reflect.DirectMethodHandleAccessor.invoke(DirectMethodHandleAccessor.java:103)\n\tat java.base/java.lang.reflect.Method.invoke(Method.java:580)\n\tat org.testng.internal.invokers.MethodInvocationHelper.invokeMethod(MethodInvocationHelper.java:139)\n\tat org.testng.internal.invokers.TestInvoker.invokeMethod(TestInvoker.java:677)\n\tat org.testng.internal.invokers.TestInvoker.invokeTestMethod(TestInvoker.java:221)\n\tat org.testng.internal.invokers.MethodRunner.runInSequence(MethodRunner.java:50)\n\tat org.testng.internal.invokers.TestInvoker$MethodInvocationAgent.invoke(TestInvoker.java:969)\n\tat org.testng.internal.invokers.TestInvoker.invokeTestMethods(TestInvoker.java:194)\n\tat org.testng.internal.invokers.TestMethodWorker.invokeTestMethods(TestMethodWorker.java:148)\n\tat org.testng.internal.invokers.TestMethodWorker.run(TestMethodWorker.java:128)\n\tat java.base/java.util.ArrayList.forEach(ArrayList.java:1597)\n\tat org.testng.TestRunner.privateRun(TestRunner.java:829)\n\tat org.testng.TestRunner.run(TestRunner.java:602)\n\tat org.testng.SuiteRunner.runTest(SuiteRunner.java:437)\n\tat org.testng.SuiteRunner.runSequentially(SuiteRunner.java:431)\n\tat org.testng.SuiteRunner.privateRun(SuiteRunner.java:391)\n\tat org.testng.SuiteRunner.run(SuiteRunner.java:330)\n\tat org.testng.SuiteRunnerWorker.runSuite(SuiteRunnerWorker.java:52)\n\tat org.testng.SuiteRunnerWorker.run(SuiteRunnerWorker.java:95)\n\tat org.testng.TestNG.runSuitesSequentially(TestNG.java:1256)\n\tat org.testng.TestNG.runSuitesLocally(TestNG.java:1176)\n\tat org.testng.TestNG.runSuites(TestNG.java:1099)\n\tat org.testng.TestNG.run(TestNG.java:1067)\n\tat com.intellij.rt.testng.IDEARemoteTestNG.run(IDEARemoteTestNG.java:65)\n\tat com.intellij.rt.testng.RemoteTestNGStarter.main(RemoteTestNGStarter.java:105)\n"},"stage":"finished","steps":[{"name":"Ddsdiscount test","status":"broken","statusDetails":{"known":false,"muted":false,"flaky":false,"message":"element click intercepted: Element is not clickable at point (1082, 1411)\n  (Session info: chrome=126.0.6478.62)\nBuild info: version: '4.19.1', revision: 'abe0ee07dc'\nSystem info: os.name: 'Mac OS X', os.arch: 'x86_64', os.version: '14.5', java.version: '22.0.1'\nDriver info: org.openqa.selenium.chrome.ChromeDriver\nCommand: [3e480379c3229baf5caef92f30908e33, clickElement {id=f.298C0B2B7920A5AFB789360C920A8C92.d.D51BBBEEFF664BB538855626DCCCE23A.e.67}]\nCapabilities {acceptInsecureCerts: false, browserName: chrome, browserVersion: 126.0.6478.62, chrome: {chromedriverVersion: 126.0.6478.63 (df799988fdc9..., userDataDir: /var/folders/66/w2xq82ns7_1...}, fedcm:accounts: true, goog:chromeOptions: {debuggerAddress: localhost:62697}, networkConnectionEnabled: false, pageLoadStrategy: normal, platformName: mac, proxy: Proxy(), se:cdp: ws://localhost:62697/devtoo..., se:cdpVersion: 126.0.6478.62, setWindowRect: true, strictFileInteractability: false, timeouts: {implicit: 0, pageLoad: 300000, script: 30000}, unhandledPromptBehavior: dismiss and notify, webauthn:extension:credBlob: true, webauthn:extension:largeBlob: true, webauthn:extension:minPinLength: true, webauthn:extension:prf: true, webauthn:virtualAuthenticators: true}\nElement: [[ChromeDriver: chrome on mac (3e480379c3229baf5caef92f30908e33)] -> xpath: //a[@href='https://corp.rossstores.com/Responsibility/Supporting-our-communities/First-Book']]\nSession ID: 3e480379c3229baf5caef92f30908e33","trace":"org.openqa.selenium.ElementClickInterceptedException: element click intercepted: Element is not clickable at point (1082, 1411)\n  (Session info: chrome=126.0.6478.62)\nBuild info: version: '4.19.1', revision: 'abe0ee07dc'\nSystem info: os.name: 'Mac OS X', os.arch: 'x86_64', os.version: '14.5', java.version: '22.0.1'\nDriver info: org.openqa.selenium.chrome.ChromeDriver\nCommand: [3e480379c3229baf5caef92f30908e33, clickElement {id=f.298C0B2B7920A5AFB789360C920A8C92.d.D51BBBEEFF664BB538855626DCCCE23A.e.67}]\nCapabilities {acceptInsecureCerts: false, browserName: chrome, browserVersion: 126.0.6478.62, chrome: {chromedriverVersion: 126.0.6478.63 (df799988fdc9..., userDataDir: /var/folders/66/w2xq82ns7_1...}, fedcm:accounts: true, goog:chromeOptions: {debuggerAddress: localhost:62697}, networkConnectionEnabled: false, pageLoadStrategy: normal, platformName: mac, proxy: Proxy(), se:cdp: ws://localhost:62697/devtoo..., se:cdpVersion: 126.0.6478.62, setWindowRect: true, strictFileInteractability: false, timeouts: {implicit: 0, pageLoad: 300000, script: 30000}, unhandledPromptBehavior: dismiss and notify, webauthn:extension:credBlob: true, webauthn:extension:largeBlob: true, webauthn:extension:minPinLength: true, webauthn:extension:prf: true, webauthn:virtualAuthenticators: true}\nElement: [[ChromeDriver: chrome on mac (3e480379c3229baf5caef92f30908e33)] -> xpath: //a[@href='https://corp.rossstores.com/Responsibility/Supporting-our-communities/First-Book']]\nSession ID: 3e480379c3229baf5caef92f30908e33\n\tat java.base/jdk.internal.reflect.DirectConstructorHandleAccessor.newInstance(DirectConstructorHandleAccessor.java:62)\n\tat java.base/java.lang.reflect.Constructor.newInstanceWithCaller(Constructor.java:502)\n\tat java.base/java.lang.reflect.Constructor.newInstance(Constructor.java:486)\n\tat org.openqa.selenium.remote.ErrorCodec.decode(ErrorCodec.java:167)\n\tat org.openqa.selenium.remote.codec.w3c.W3CHttpResponseCodec.decode(W3CHttpResponseCodec.java:138)\n\tat org.openqa.selenium.remote.codec.w3c.W3CHttpResponseCodec.decode(W3CHttpResponseCodec.java:50)\n\tat org.openqa.selenium.remote.HttpCommandExecutor.execute(HttpCommandExecutor.java:190)\n\tat org.openqa.selenium.remote.service.DriverCommandExecutor.invokeExecute(DriverCommandExecutor.java:216)\n\tat org.openqa.selenium.remote.service.DriverCommandExecutor.execute(DriverCommandExecutor.java:174)\n\tat org.openqa.selenium.remote.RemoteWebDriver.execute(RemoteWebDriver.java:518)\n\tat org.openqa.selenium.remote.RemoteWebElement.execute(RemoteWebElement.java:223)\n\tat org.openqa.selenium.remote.RemoteWebElement.click(RemoteWebElement.java:76)\n\tat java.base/jdk.internal.reflect.DirectMethodHandleAccessor.invoke(DirectMethodHandleAccessor.java:103)\n\tat java.base/java.lang.reflect.Method.invoke(Method.java:580)\n\tat org.openqa.selenium.support.pagefactory.internal.LocatingElementHandler.invoke(LocatingElementHandler.java:51)\n\tat jdk.proxy2/jdk.proxy2.$Proxy14.click(Unknown Source)\n\tat com.newddsdiscounts.utils.BrowserUtils.click(BrowserUtils.java:67)\n\tat com.newddsdiscounts.pages.HomePage.clickFooterAboutUsLinksAndVerifyUrlAndTittle(HomePage.java:757)\n\tat com.newddsdiscounts.tests.DdsDiscounts.testDdsDiscounts(DdsDiscounts.java:31)\n\tat java.base/jdk.internal.reflect.DirectMethodHandleAccessor.invoke(DirectMethodHandleAccessor.java:103)\n\tat java.base/java.lang.reflect.Method.invoke(Method.java:580)\n\tat org.testng.internal.invokers.MethodInvocationHelper.invokeMethod(MethodInvocationHelper.java:139)\n\tat org.testng.internal.invokers.TestInvoker.invokeMethod(TestInvoker.java:677)\n\tat org.testng.internal.invokers.TestInvoker.invokeTestMethod(TestInvoker.java:221)\n\tat org.testng.internal.invokers.MethodRunner.runInSequence(MethodRunner.java:50)\n\tat org.testng.internal.invokers.TestInvoker$MethodInvocationAgent.invoke(TestInvoker.java:969)\n\tat org.testng.internal.invokers.TestInvoker.invokeTestMethods(TestInvoker.java:194)\n\tat org.testng.internal.invokers.TestMethodWorker.invokeTestMethods(TestMethodWorker.java:148)\n\tat org.testng.internal.invokers.TestMethodWorker.run(TestMethodWorker.java:128)\n\tat java.base/java.util.ArrayList.forEach(ArrayList.java:1597)\n\tat org.testng.TestRunner.privateRun(TestRunner.java:829)\n\tat org.testng.TestRunner.run(TestRunner.java:602)\n\tat org.testng.SuiteRunner.runTest(SuiteRunner.java:437)\n\tat org.testng.SuiteRunner.runSequentially(SuiteRunner.java:431)\n\tat org.testng.SuiteRunner.privateRun(SuiteRunner.java:391)\n\tat org.testng.SuiteRunner.run(SuiteRunner.java:330)\n\tat org.testng.SuiteRunnerWorker.runSuite(SuiteRunnerWorker.java:52)\n\tat org.testng.SuiteRunnerWorker.run(SuiteRunnerWorker.java:95)\n\tat org.testng.TestNG.runSuitesSequentially(TestNG.java:1256)\n\tat org.testng.TestNG.runSuitesLocally(TestNG.java:1176)\n\tat org.testng.TestNG.runSuites(TestNG.java:1099)\n\tat org.testng.TestNG.run(TestNG.java:1067)\n\tat com.intellij.rt.testng.IDEARemoteTestNG.run(IDEARemoteTestNG.java:65)\n\tat com.intellij.rt.testng.RemoteTestNGStarter.main(RemoteTestNGStarter.java:105)\n"},"stage":"finished","steps":[{"name":"Sign in Modal Window Displayed","status":"passed","stage":"finished","steps":[],"attachments":[],"parameters":[],"start":1719244560864,"stop":1719244560864},{"name":"Check that HomePage Logo And Image displayed as expected.","status":"passed","stage":"finished","steps":[],"attachments":[],"parameters":[],"start":1719244569137,"stop":1719244569137},{"name":"The user navigates to the footer links","status":"passed","stage":"finished","steps":[],"attachments":[],"parameters":[],"start":1719244569341,"stop":1719244569341},{"name":"The user verify all links on home page","status":"passed","stage":"finished","steps":[],"attachments":[],"parameters":[],"start":1719244577273,"stop":1719244577273},{"name":"The user navigates to the nav menu links","status":"passed","stage":"finished","steps":[],"attachments":[],"parameters":[],"start":1719244593011,"stop":1719244593011},{"name":"The user clicks EmailSignUp on Nav menu Social LINKS","status":"passed","stage":"finished","steps":[],"attachments":[],"parameters":[],"start":1719244594556,"stop":1719244594556},{"name":"The user clicks unsubcribe on emailsignup page","status":"passed","stage":"finished","steps":[],"attachments":[],"parameters":[],"start":1719244600514,"stop":1719244600514},{"name":"The user clicks instagram on Nav menu Social LINKS and verify URL and Tittle","status":"passed","stage":"finished","steps":[],"attachments":[],"parameters":[],"start":1719244608311,"stop":1719244608311},{"name":"The user clicks facebook on Nav menu Social LINKS and verify URL and Tittle","status":"passed","stage":"finished","steps":[],"attachments":[],"parameters":[],"start":1719244615760,"stop":1719244615760},{"name":"The user clicks Tiktok on Nav menu Social LINKS and verify URL and Tittle","status":"passed","stage":"finished","steps":[],"attachments":[],"parameters":[],"start":1719244621843,"stop":1719244621843},{"name":"The user clicks  About us  Links  on footer and verify Url and Tittle","status":"passed","stage":"finished","steps":[],"attachments":[],"parameters":[],"start":1719244627584,"stop":1719244627584}],"attachments":[],"parameters":[],"start":1719244560863,"stop":1719244636218}],"attachments":[],"parameters":[],"start":1719244560831,"stop":1719244636223}