{"uid":"b424fc94020feb82","name":"testDdsDiscounts","fullName":"com.newddsdiscounts.tests.DdsDiscounts.testDdsDiscounts","historyId":"616d39bdc3c8ad0537e8c7e70bfd163d","time":{"start":1713300165588,"stop":1713300242657,"duration":77069},"status":"skipped","statusMessage":"element click intercepted: Element <a href=\"https://corp.rossstores.com/Responsibility/Supporting-our-communities/Boys-and-girls-clubs-of-America\" class=\"btn\" target=\"_blank\">...</a> is not clickable at point (380, 1587). Other element would receive the click: <div id=\"onetrust-group-container\" class=\"ot-sdk-eight ot-sdk-columns\">...</div>\n  (Session info: chrome=121.0.6167.139)\nBuild info: version: '4.18.1', revision: 'b1d3319b48'\nSystem info: os.name: 'Mac OS X', os.arch: 'x86_64', os.version: '13.6', java.version: '17.0.10'\nDriver info: org.openqa.selenium.chrome.ChromeDriver\nCommand: [5e1afb00cba106f0427e19817e3a9cd0, clickElement {id=DCA6CF15AA05CD4F1C08B6E3C3B23471_element_206}]\nCapabilities {acceptInsecureCerts: false, browserName: chrome, browserVersion: 121.0.6167.139, chrome: {chromedriverVersion: 121.0.6167.184 (057a8ae7deb..., userDataDir: /var/folders/66/w2xq82ns7_1...}, fedcm:accounts: true, goog:chromeOptions: {debuggerAddress: localhost:52676}, networkConnectionEnabled: false, pageLoadStrategy: normal, platformName: mac, proxy: Proxy(), se:cdp: ws://localhost:52676/devtoo..., se:cdpVersion: 121.0.6167.139, setWindowRect: true, strictFileInteractability: false, timeouts: {implicit: 0, pageLoad: 300000, script: 30000}, unhandledPromptBehavior: dismiss and notify, webauthn:extension:credBlob: true, webauthn:extension:largeBlob: true, webauthn:extension:minPinLength: true, webauthn:extension:prf: true, webauthn:virtualAuthenticators: true}\nElement: [[ChromeDriver: chrome on mac (5e1afb00cba106f0427e19817e3a9cd0)] -> xpath: //a[@href='https://corp.rossstores.com/Responsibility/Supporting-our-communities/Boys-and-girls-clubs-of-America']]\nSession ID: 5e1afb00cba106f0427e19817e3a9cd0","statusTrace":"org.openqa.selenium.ElementClickInterceptedException: element click intercepted: Element <a href=\"https://corp.rossstores.com/Responsibility/Supporting-our-communities/Boys-and-girls-clubs-of-America\" class=\"btn\" target=\"_blank\">...</a> is not clickable at point (380, 1587). Other element would receive the click: <div id=\"onetrust-group-container\" class=\"ot-sdk-eight ot-sdk-columns\">...</div>\n  (Session info: chrome=121.0.6167.139)\nBuild info: version: '4.18.1', revision: 'b1d3319b48'\nSystem info: os.name: 'Mac OS X', os.arch: 'x86_64', os.version: '13.6', java.version: '17.0.10'\nDriver info: org.openqa.selenium.chrome.ChromeDriver\nCommand: [5e1afb00cba106f0427e19817e3a9cd0, clickElement {id=DCA6CF15AA05CD4F1C08B6E3C3B23471_element_206}]\nCapabilities {acceptInsecureCerts: false, browserName: chrome, browserVersion: 121.0.6167.139, chrome: {chromedriverVersion: 121.0.6167.184 (057a8ae7deb..., userDataDir: /var/folders/66/w2xq82ns7_1...}, fedcm:accounts: true, goog:chromeOptions: {debuggerAddress: localhost:52676}, networkConnectionEnabled: false, pageLoadStrategy: normal, platformName: mac, proxy: Proxy(), se:cdp: ws://localhost:52676/devtoo..., se:cdpVersion: 121.0.6167.139, setWindowRect: true, strictFileInteractability: false, timeouts: {implicit: 0, pageLoad: 300000, script: 30000}, unhandledPromptBehavior: dismiss and notify, webauthn:extension:credBlob: true, webauthn:extension:largeBlob: true, webauthn:extension:minPinLength: true, webauthn:extension:prf: true, webauthn:virtualAuthenticators: true}\nElement: [[ChromeDriver: chrome on mac (5e1afb00cba106f0427e19817e3a9cd0)] -> xpath: //a[@href='https://corp.rossstores.com/Responsibility/Supporting-our-communities/Boys-and-girls-clubs-of-America']]\nSession ID: 5e1afb00cba106f0427e19817e3a9cd0\n\tat java.base/jdk.internal.reflect.NativeConstructorAccessorImpl.newInstance0(Native Method)\n\tat java.base/jdk.internal.reflect.NativeConstructorAccessorImpl.newInstance(NativeConstructorAccessorImpl.java:77)\n\tat java.base/jdk.internal.reflect.DelegatingConstructorAccessorImpl.newInstance(DelegatingConstructorAccessorImpl.java:45)\n\tat java.base/java.lang.reflect.Constructor.newInstanceWithCaller(Constructor.java:499)\n\tat java.base/java.lang.reflect.Constructor.newInstance(Constructor.java:480)\n\tat org.openqa.selenium.remote.ErrorCodec.decode(ErrorCodec.java:167)\n\tat org.openqa.selenium.remote.codec.w3c.W3CHttpResponseCodec.decode(W3CHttpResponseCodec.java:138)\n\tat org.openqa.selenium.remote.codec.w3c.W3CHttpResponseCodec.decode(W3CHttpResponseCodec.java:50)\n\tat org.openqa.selenium.remote.HttpCommandExecutor.execute(HttpCommandExecutor.java:190)\n\tat org.openqa.selenium.remote.service.DriverCommandExecutor.invokeExecute(DriverCommandExecutor.java:216)\n\tat org.openqa.selenium.remote.service.DriverCommandExecutor.execute(DriverCommandExecutor.java:174)\n\tat org.openqa.selenium.remote.RemoteWebDriver.execute(RemoteWebDriver.java:519)\n\tat org.openqa.selenium.remote.RemoteWebElement.execute(RemoteWebElement.java:223)\n\tat org.openqa.selenium.remote.RemoteWebElement.click(RemoteWebElement.java:76)\n\tat java.base/jdk.internal.reflect.NativeMethodAccessorImpl.invoke0(Native Method)\n\tat java.base/jdk.internal.reflect.NativeMethodAccessorImpl.invoke(NativeMethodAccessorImpl.java:77)\n\tat java.base/jdk.internal.reflect.DelegatingMethodAccessorImpl.invoke(DelegatingMethodAccessorImpl.java:43)\n\tat java.base/java.lang.reflect.Method.invoke(Method.java:568)\n\tat org.openqa.selenium.support.pagefactory.internal.LocatingElementHandler.invoke(LocatingElementHandler.java:51)\n\tat jdk.proxy2/jdk.proxy2.$Proxy14.click(Unknown Source)\n\tat com.newddsdiscounts.utils.BrowserUtils.click(BrowserUtils.java:67)\n\tat com.newddsdiscounts.pages.HomePage.clickFooterAboutUsLinksAndVerifyUrlAndTittle(HomePage.java:530)\n\tat com.newddsdiscounts.tests.DdsDiscounts.testDdsDiscounts(DdsDiscounts.java:25)\n\tat java.base/jdk.internal.reflect.NativeMethodAccessorImpl.invoke0(Native Method)\n\tat java.base/jdk.internal.reflect.NativeMethodAccessorImpl.invoke(NativeMethodAccessorImpl.java:77)\n\tat java.base/jdk.internal.reflect.DelegatingMethodAccessorImpl.invoke(DelegatingMethodAccessorImpl.java:43)\n\tat java.base/java.lang.reflect.Method.invoke(Method.java:568)\n\tat org.testng.internal.invokers.MethodInvocationHelper.invokeMethod(MethodInvocationHelper.java:139)\n\tat org.testng.internal.invokers.TestInvoker.invokeMethod(TestInvoker.java:677)\n\tat org.testng.internal.invokers.TestInvoker.invokeTestMethod(TestInvoker.java:221)\n\tat org.testng.internal.invokers.MethodRunner.runInSequence(MethodRunner.java:50)\n\tat org.testng.internal.invokers.TestInvoker$MethodInvocationAgent.invoke(TestInvoker.java:969)\n\tat org.testng.internal.invokers.TestInvoker.invokeTestMethods(TestInvoker.java:194)\n\tat org.testng.internal.invokers.TestMethodWorker.invokeTestMethods(TestMethodWorker.java:148)\n\tat org.testng.internal.invokers.TestMethodWorker.run(TestMethodWorker.java:128)\n\tat java.base/java.util.ArrayList.forEach(ArrayList.java:1511)\n\tat org.testng.TestRunner.privateRun(TestRunner.java:829)\n\tat org.testng.TestRunner.run(TestRunner.java:602)\n\tat org.testng.SuiteRunner.runTest(SuiteRunner.java:437)\n\tat org.testng.SuiteRunner.runSequentially(SuiteRunner.java:431)\n\tat org.testng.SuiteRunner.privateRun(SuiteRunner.java:391)\n\tat org.testng.SuiteRunner.run(SuiteRunner.java:330)\n\tat org.testng.SuiteRunnerWorker.runSuite(SuiteRunnerWorker.java:52)\n\tat org.testng.SuiteRunnerWorker.run(SuiteRunnerWorker.java:95)\n\tat org.testng.TestNG.runSuitesSequentially(TestNG.java:1256)\n\tat org.testng.TestNG.runSuitesLocally(TestNG.java:1176)\n\tat org.testng.TestNG.runSuites(TestNG.java:1099)\n\tat org.testng.TestNG.run(TestNG.java:1067)\n\tat com.intellij.rt.testng.IDEARemoteTestNG.run(IDEARemoteTestNG.java:66)\n\tat com.intellij.rt.testng.RemoteTestNGStarter.main(RemoteTestNGStarter.java:109)\n","flaky":false,"newFailed":false,"newBroken":false,"newPassed":false,"retriesCount":0,"retriesStatusChange":false,"beforeStages":[{"name":"setUp","time":{"start":1713300162537,"stop":1713300165432,"duration":2895},"description":"","status":"passed","steps":[],"attachments":[],"parameters":[],"shouldDisplayMessage":false,"attachmentsCount":0,"attachmentStep":false,"stepsCount":0,"hasContent":false}],"testStage":{"status":"skipped","statusMessage":"element click intercepted: Element <a href=\"https://corp.rossstores.com/Responsibility/Supporting-our-communities/Boys-and-girls-clubs-of-America\" class=\"btn\" target=\"_blank\">...</a> is not clickable at point (380, 1587). Other element would receive the click: <div id=\"onetrust-group-container\" class=\"ot-sdk-eight ot-sdk-columns\">...</div>\n  (Session info: chrome=121.0.6167.139)\nBuild info: version: '4.18.1', revision: 'b1d3319b48'\nSystem info: os.name: 'Mac OS X', os.arch: 'x86_64', os.version: '13.6', java.version: '17.0.10'\nDriver info: org.openqa.selenium.chrome.ChromeDriver\nCommand: [5e1afb00cba106f0427e19817e3a9cd0, clickElement {id=DCA6CF15AA05CD4F1C08B6E3C3B23471_element_206}]\nCapabilities {acceptInsecureCerts: false, browserName: chrome, browserVersion: 121.0.6167.139, chrome: {chromedriverVersion: 121.0.6167.184 (057a8ae7deb..., userDataDir: /var/folders/66/w2xq82ns7_1...}, fedcm:accounts: true, goog:chromeOptions: {debuggerAddress: localhost:52676}, networkConnectionEnabled: false, pageLoadStrategy: normal, platformName: mac, proxy: Proxy(), se:cdp: ws://localhost:52676/devtoo..., se:cdpVersion: 121.0.6167.139, setWindowRect: true, strictFileInteractability: false, timeouts: {implicit: 0, pageLoad: 300000, script: 30000}, unhandledPromptBehavior: dismiss and notify, webauthn:extension:credBlob: true, webauthn:extension:largeBlob: true, webauthn:extension:minPinLength: true, webauthn:extension:prf: true, webauthn:virtualAuthenticators: true}\nElement: [[ChromeDriver: chrome on mac (5e1afb00cba106f0427e19817e3a9cd0)] -> xpath: //a[@href='https://corp.rossstores.com/Responsibility/Supporting-our-communities/Boys-and-girls-clubs-of-America']]\nSession ID: 5e1afb00cba106f0427e19817e3a9cd0","statusTrace":"org.openqa.selenium.ElementClickInterceptedException: element click intercepted: Element <a href=\"https://corp.rossstores.com/Responsibility/Supporting-our-communities/Boys-and-girls-clubs-of-America\" class=\"btn\" target=\"_blank\">...</a> is not clickable at point (380, 1587). Other element would receive the click: <div id=\"onetrust-group-container\" class=\"ot-sdk-eight ot-sdk-columns\">...</div>\n  (Session info: chrome=121.0.6167.139)\nBuild info: version: '4.18.1', revision: 'b1d3319b48'\nSystem info: os.name: 'Mac OS X', os.arch: 'x86_64', os.version: '13.6', java.version: '17.0.10'\nDriver info: org.openqa.selenium.chrome.ChromeDriver\nCommand: [5e1afb00cba106f0427e19817e3a9cd0, clickElement {id=DCA6CF15AA05CD4F1C08B6E3C3B23471_element_206}]\nCapabilities {acceptInsecureCerts: false, browserName: chrome, browserVersion: 121.0.6167.139, chrome: {chromedriverVersion: 121.0.6167.184 (057a8ae7deb..., userDataDir: /var/folders/66/w2xq82ns7_1...}, fedcm:accounts: true, goog:chromeOptions: {debuggerAddress: localhost:52676}, networkConnectionEnabled: false, pageLoadStrategy: normal, platformName: mac, proxy: Proxy(), se:cdp: ws://localhost:52676/devtoo..., se:cdpVersion: 121.0.6167.139, setWindowRect: true, strictFileInteractability: false, timeouts: {implicit: 0, pageLoad: 300000, script: 30000}, unhandledPromptBehavior: dismiss and notify, webauthn:extension:credBlob: true, webauthn:extension:largeBlob: true, webauthn:extension:minPinLength: true, webauthn:extension:prf: true, webauthn:virtualAuthenticators: true}\nElement: [[ChromeDriver: chrome on mac (5e1afb00cba106f0427e19817e3a9cd0)] -> xpath: //a[@href='https://corp.rossstores.com/Responsibility/Supporting-our-communities/Boys-and-girls-clubs-of-America']]\nSession ID: 5e1afb00cba106f0427e19817e3a9cd0\n\tat java.base/jdk.internal.reflect.NativeConstructorAccessorImpl.newInstance0(Native Method)\n\tat java.base/jdk.internal.reflect.NativeConstructorAccessorImpl.newInstance(NativeConstructorAccessorImpl.java:77)\n\tat java.base/jdk.internal.reflect.DelegatingConstructorAccessorImpl.newInstance(DelegatingConstructorAccessorImpl.java:45)\n\tat java.base/java.lang.reflect.Constructor.newInstanceWithCaller(Constructor.java:499)\n\tat java.base/java.lang.reflect.Constructor.newInstance(Constructor.java:480)\n\tat org.openqa.selenium.remote.ErrorCodec.decode(ErrorCodec.java:167)\n\tat org.openqa.selenium.remote.codec.w3c.W3CHttpResponseCodec.decode(W3CHttpResponseCodec.java:138)\n\tat org.openqa.selenium.remote.codec.w3c.W3CHttpResponseCodec.decode(W3CHttpResponseCodec.java:50)\n\tat org.openqa.selenium.remote.HttpCommandExecutor.execute(HttpCommandExecutor.java:190)\n\tat org.openqa.selenium.remote.service.DriverCommandExecutor.invokeExecute(DriverCommandExecutor.java:216)\n\tat org.openqa.selenium.remote.service.DriverCommandExecutor.execute(DriverCommandExecutor.java:174)\n\tat org.openqa.selenium.remote.RemoteWebDriver.execute(RemoteWebDriver.java:519)\n\tat org.openqa.selenium.remote.RemoteWebElement.execute(RemoteWebElement.java:223)\n\tat org.openqa.selenium.remote.RemoteWebElement.click(RemoteWebElement.java:76)\n\tat java.base/jdk.internal.reflect.NativeMethodAccessorImpl.invoke0(Native Method)\n\tat java.base/jdk.internal.reflect.NativeMethodAccessorImpl.invoke(NativeMethodAccessorImpl.java:77)\n\tat java.base/jdk.internal.reflect.DelegatingMethodAccessorImpl.invoke(DelegatingMethodAccessorImpl.java:43)\n\tat java.base/java.lang.reflect.Method.invoke(Method.java:568)\n\tat org.openqa.selenium.support.pagefactory.internal.LocatingElementHandler.invoke(LocatingElementHandler.java:51)\n\tat jdk.proxy2/jdk.proxy2.$Proxy14.click(Unknown Source)\n\tat com.newddsdiscounts.utils.BrowserUtils.click(BrowserUtils.java:67)\n\tat com.newddsdiscounts.pages.HomePage.clickFooterAboutUsLinksAndVerifyUrlAndTittle(HomePage.java:530)\n\tat com.newddsdiscounts.tests.DdsDiscounts.testDdsDiscounts(DdsDiscounts.java:25)\n\tat java.base/jdk.internal.reflect.NativeMethodAccessorImpl.invoke0(Native Method)\n\tat java.base/jdk.internal.reflect.NativeMethodAccessorImpl.invoke(NativeMethodAccessorImpl.java:77)\n\tat java.base/jdk.internal.reflect.DelegatingMethodAccessorImpl.invoke(DelegatingMethodAccessorImpl.java:43)\n\tat java.base/java.lang.reflect.Method.invoke(Method.java:568)\n\tat org.testng.internal.invokers.MethodInvocationHelper.invokeMethod(MethodInvocationHelper.java:139)\n\tat org.testng.internal.invokers.TestInvoker.invokeMethod(TestInvoker.java:677)\n\tat org.testng.internal.invokers.TestInvoker.invokeTestMethod(TestInvoker.java:221)\n\tat org.testng.internal.invokers.MethodRunner.runInSequence(MethodRunner.java:50)\n\tat org.testng.internal.invokers.TestInvoker$MethodInvocationAgent.invoke(TestInvoker.java:969)\n\tat org.testng.internal.invokers.TestInvoker.invokeTestMethods(TestInvoker.java:194)\n\tat org.testng.internal.invokers.TestMethodWorker.invokeTestMethods(TestMethodWorker.java:148)\n\tat org.testng.internal.invokers.TestMethodWorker.run(TestMethodWorker.java:128)\n\tat java.base/java.util.ArrayList.forEach(ArrayList.java:1511)\n\tat org.testng.TestRunner.privateRun(TestRunner.java:829)\n\tat org.testng.TestRunner.run(TestRunner.java:602)\n\tat org.testng.SuiteRunner.runTest(SuiteRunner.java:437)\n\tat org.testng.SuiteRunner.runSequentially(SuiteRunner.java:431)\n\tat org.testng.SuiteRunner.privateRun(SuiteRunner.java:391)\n\tat org.testng.SuiteRunner.run(SuiteRunner.java:330)\n\tat org.testng.SuiteRunnerWorker.runSuite(SuiteRunnerWorker.java:52)\n\tat org.testng.SuiteRunnerWorker.run(SuiteRunnerWorker.java:95)\n\tat org.testng.TestNG.runSuitesSequentially(TestNG.java:1256)\n\tat org.testng.TestNG.runSuitesLocally(TestNG.java:1176)\n\tat org.testng.TestNG.runSuites(TestNG.java:1099)\n\tat org.testng.TestNG.run(TestNG.java:1067)\n\tat com.intellij.rt.testng.IDEARemoteTestNG.run(IDEARemoteTestNG.java:66)\n\tat com.intellij.rt.testng.RemoteTestNGStarter.main(RemoteTestNGStarter.java:109)\n","steps":[{"name":"Corp Ross","time":{"start":1713300165604,"stop":1713300242652,"duration":77048},"status":"broken","statusMessage":"element click intercepted: Element <a href=\"https://corp.rossstores.com/Responsibility/Supporting-our-communities/Boys-and-girls-clubs-of-America\" class=\"btn\" target=\"_blank\">...</a> is not clickable at point (380, 1587). Other element would receive the click: <div id=\"onetrust-group-container\" class=\"ot-sdk-eight ot-sdk-columns\">...</div>\n  (Session info: chrome=121.0.6167.139)\nBuild info: version: '4.18.1', revision: 'b1d3319b48'\nSystem info: os.name: 'Mac OS X', os.arch: 'x86_64', os.version: '13.6', java.version: '17.0.10'\nDriver info: org.openqa.selenium.chrome.ChromeDriver\nCommand: [5e1afb00cba106f0427e19817e3a9cd0, clickElement {id=DCA6CF15AA05CD4F1C08B6E3C3B23471_element_206}]\nCapabilities {acceptInsecureCerts: false, browserName: chrome, browserVersion: 121.0.6167.139, chrome: {chromedriverVersion: 121.0.6167.184 (057a8ae7deb..., userDataDir: /var/folders/66/w2xq82ns7_1...}, fedcm:accounts: true, goog:chromeOptions: {debuggerAddress: localhost:52676}, networkConnectionEnabled: false, pageLoadStrategy: normal, platformName: mac, proxy: Proxy(), se:cdp: ws://localhost:52676/devtoo..., se:cdpVersion: 121.0.6167.139, setWindowRect: true, strictFileInteractability: false, timeouts: {implicit: 0, pageLoad: 300000, script: 30000}, unhandledPromptBehavior: dismiss and notify, webauthn:extension:credBlob: true, webauthn:extension:largeBlob: true, webauthn:extension:minPinLength: true, webauthn:extension:prf: true, webauthn:virtualAuthenticators: true}\nElement: [[ChromeDriver: chrome on mac (5e1afb00cba106f0427e19817e3a9cd0)] -> xpath: //a[@href='https://corp.rossstores.com/Responsibility/Supporting-our-communities/Boys-and-girls-clubs-of-America']]\nSession ID: 5e1afb00cba106f0427e19817e3a9cd0","statusTrace":"org.openqa.selenium.ElementClickInterceptedException: element click intercepted: Element <a href=\"https://corp.rossstores.com/Responsibility/Supporting-our-communities/Boys-and-girls-clubs-of-America\" class=\"btn\" target=\"_blank\">...</a> is not clickable at point (380, 1587). Other element would receive the click: <div id=\"onetrust-group-container\" class=\"ot-sdk-eight ot-sdk-columns\">...</div>\n  (Session info: chrome=121.0.6167.139)\nBuild info: version: '4.18.1', revision: 'b1d3319b48'\nSystem info: os.name: 'Mac OS X', os.arch: 'x86_64', os.version: '13.6', java.version: '17.0.10'\nDriver info: org.openqa.selenium.chrome.ChromeDriver\nCommand: [5e1afb00cba106f0427e19817e3a9cd0, clickElement {id=DCA6CF15AA05CD4F1C08B6E3C3B23471_element_206}]\nCapabilities {acceptInsecureCerts: false, browserName: chrome, browserVersion: 121.0.6167.139, chrome: {chromedriverVersion: 121.0.6167.184 (057a8ae7deb..., userDataDir: /var/folders/66/w2xq82ns7_1...}, fedcm:accounts: true, goog:chromeOptions: {debuggerAddress: localhost:52676}, networkConnectionEnabled: false, pageLoadStrategy: normal, platformName: mac, proxy: Proxy(), se:cdp: ws://localhost:52676/devtoo..., se:cdpVersion: 121.0.6167.139, setWindowRect: true, strictFileInteractability: false, timeouts: {implicit: 0, pageLoad: 300000, script: 30000}, unhandledPromptBehavior: dismiss and notify, webauthn:extension:credBlob: true, webauthn:extension:largeBlob: true, webauthn:extension:minPinLength: true, webauthn:extension:prf: true, webauthn:virtualAuthenticators: true}\nElement: [[ChromeDriver: chrome on mac (5e1afb00cba106f0427e19817e3a9cd0)] -> xpath: //a[@href='https://corp.rossstores.com/Responsibility/Supporting-our-communities/Boys-and-girls-clubs-of-America']]\nSession ID: 5e1afb00cba106f0427e19817e3a9cd0\n\tat java.base/jdk.internal.reflect.NativeConstructorAccessorImpl.newInstance0(Native Method)\n\tat java.base/jdk.internal.reflect.NativeConstructorAccessorImpl.newInstance(NativeConstructorAccessorImpl.java:77)\n\tat java.base/jdk.internal.reflect.DelegatingConstructorAccessorImpl.newInstance(DelegatingConstructorAccessorImpl.java:45)\n\tat java.base/java.lang.reflect.Constructor.newInstanceWithCaller(Constructor.java:499)\n\tat java.base/java.lang.reflect.Constructor.newInstance(Constructor.java:480)\n\tat org.openqa.selenium.remote.ErrorCodec.decode(ErrorCodec.java:167)\n\tat org.openqa.selenium.remote.codec.w3c.W3CHttpResponseCodec.decode(W3CHttpResponseCodec.java:138)\n\tat org.openqa.selenium.remote.codec.w3c.W3CHttpResponseCodec.decode(W3CHttpResponseCodec.java:50)\n\tat org.openqa.selenium.remote.HttpCommandExecutor.execute(HttpCommandExecutor.java:190)\n\tat org.openqa.selenium.remote.service.DriverCommandExecutor.invokeExecute(DriverCommandExecutor.java:216)\n\tat org.openqa.selenium.remote.service.DriverCommandExecutor.execute(DriverCommandExecutor.java:174)\n\tat org.openqa.selenium.remote.RemoteWebDriver.execute(RemoteWebDriver.java:519)\n\tat org.openqa.selenium.remote.RemoteWebElement.execute(RemoteWebElement.java:223)\n\tat org.openqa.selenium.remote.RemoteWebElement.click(RemoteWebElement.java:76)\n\tat java.base/jdk.internal.reflect.NativeMethodAccessorImpl.invoke0(Native Method)\n\tat java.base/jdk.internal.reflect.NativeMethodAccessorImpl.invoke(NativeMethodAccessorImpl.java:77)\n\tat java.base/jdk.internal.reflect.DelegatingMethodAccessorImpl.invoke(DelegatingMethodAccessorImpl.java:43)\n\tat java.base/java.lang.reflect.Method.invoke(Method.java:568)\n\tat org.openqa.selenium.support.pagefactory.internal.LocatingElementHandler.invoke(LocatingElementHandler.java:51)\n\tat jdk.proxy2/jdk.proxy2.$Proxy14.click(Unknown Source)\n\tat com.newddsdiscounts.utils.BrowserUtils.click(BrowserUtils.java:67)\n\tat com.newddsdiscounts.pages.HomePage.clickFooterAboutUsLinksAndVerifyUrlAndTittle(HomePage.java:530)\n\tat com.newddsdiscounts.tests.DdsDiscounts.testDdsDiscounts(DdsDiscounts.java:25)\n\tat java.base/jdk.internal.reflect.NativeMethodAccessorImpl.invoke0(Native Method)\n\tat java.base/jdk.internal.reflect.NativeMethodAccessorImpl.invoke(NativeMethodAccessorImpl.java:77)\n\tat java.base/jdk.internal.reflect.DelegatingMethodAccessorImpl.invoke(DelegatingMethodAccessorImpl.java:43)\n\tat java.base/java.lang.reflect.Method.invoke(Method.java:568)\n\tat org.testng.internal.invokers.MethodInvocationHelper.invokeMethod(MethodInvocationHelper.java:139)\n\tat org.testng.internal.invokers.TestInvoker.invokeMethod(TestInvoker.java:677)\n\tat org.testng.internal.invokers.TestInvoker.invokeTestMethod(TestInvoker.java:221)\n\tat org.testng.internal.invokers.MethodRunner.runInSequence(MethodRunner.java:50)\n\tat org.testng.internal.invokers.TestInvoker$MethodInvocationAgent.invoke(TestInvoker.java:969)\n\tat org.testng.internal.invokers.TestInvoker.invokeTestMethods(TestInvoker.java:194)\n\tat org.testng.internal.invokers.TestMethodWorker.invokeTestMethods(TestMethodWorker.java:148)\n\tat org.testng.internal.invokers.TestMethodWorker.run(TestMethodWorker.java:128)\n\tat java.base/java.util.ArrayList.forEach(ArrayList.java:1511)\n\tat org.testng.TestRunner.privateRun(TestRunner.java:829)\n\tat org.testng.TestRunner.run(TestRunner.java:602)\n\tat org.testng.SuiteRunner.runTest(SuiteRunner.java:437)\n\tat org.testng.SuiteRunner.runSequentially(SuiteRunner.java:431)\n\tat org.testng.SuiteRunner.privateRun(SuiteRunner.java:391)\n\tat org.testng.SuiteRunner.run(SuiteRunner.java:330)\n\tat org.testng.SuiteRunnerWorker.runSuite(SuiteRunnerWorker.java:52)\n\tat org.testng.SuiteRunnerWorker.run(SuiteRunnerWorker.java:95)\n\tat org.testng.TestNG.runSuitesSequentially(TestNG.java:1256)\n\tat org.testng.TestNG.runSuitesLocally(TestNG.java:1176)\n\tat org.testng.TestNG.runSuites(TestNG.java:1099)\n\tat org.testng.TestNG.run(TestNG.java:1067)\n\tat com.intellij.rt.testng.IDEARemoteTestNG.run(IDEARemoteTestNG.java:66)\n\tat com.intellij.rt.testng.RemoteTestNGStarter.main(RemoteTestNGStarter.java:109)\n","steps":[{"name":"Sign in Modal Window Displayed","time":{"start":1713300165604,"stop":1713300165605,"duration":1},"status":"passed","steps":[],"attachments":[],"parameters":[],"shouldDisplayMessage":false,"attachmentsCount":0,"attachmentStep":false,"stepsCount":0,"hasContent":false},{"name":"Check that HomePage Logo And Image displayed as expected.","time":{"start":1713300169004,"stop":1713300169004,"duration":0},"status":"passed","steps":[],"attachments":[],"parameters":[],"shouldDisplayMessage":false,"attachmentsCount":0,"attachmentStep":false,"stepsCount":0,"hasContent":false},{"name":"Check that HomePage Texts And Tittles displayed as expected.","time":{"start":1713300169562,"stop":1713300169562,"duration":0},"status":"passed","steps":[],"attachments":[],"parameters":[],"shouldDisplayMessage":false,"attachmentsCount":0,"attachmentStep":false,"stepsCount":0,"hasContent":false},{"name":"The user navigates to the footer links","time":{"start":1713300169920,"stop":1713300169920,"duration":0},"status":"passed","steps":[],"attachments":[],"parameters":[],"shouldDisplayMessage":false,"attachmentsCount":0,"attachmentStep":false,"stepsCount":0,"hasContent":false},{"name":"The user verify all links on home page","time":{"start":1713300186441,"stop":1713300186441,"duration":0},"status":"passed","steps":[],"attachments":[],"parameters":[],"shouldDisplayMessage":false,"attachmentsCount":0,"attachmentStep":false,"stepsCount":0,"hasContent":false},{"name":"The user navigates to the nav menu links","time":{"start":1713300220381,"stop":1713300220381,"duration":0},"status":"passed","steps":[],"attachments":[],"parameters":[],"shouldDisplayMessage":false,"attachmentsCount":0,"attachmentStep":false,"stepsCount":0,"hasContent":false},{"name":"The user clicks  About us  Links  on footer and verify Url and Tittle","time":{"start":1713300225941,"stop":1713300225941,"duration":0},"status":"passed","steps":[],"attachments":[],"parameters":[],"shouldDisplayMessage":false,"attachmentsCount":0,"attachmentStep":false,"stepsCount":0,"hasContent":false}],"attachments":[],"parameters":[],"shouldDisplayMessage":true,"attachmentsCount":0,"attachmentStep":false,"stepsCount":7,"hasContent":true}],"attachments":[],"parameters":[],"shouldDisplayMessage":false,"attachmentsCount":0,"attachmentStep":false,"stepsCount":8,"hasContent":true},"afterStages":[{"name":"tearDown","time":{"start":1713300242670,"stop":1713300242996,"duration":326},"description":"","status":"passed","steps":[],"attachments":[],"parameters":[],"shouldDisplayMessage":false,"attachmentsCount":0,"attachmentStep":false,"stepsCount":0,"hasContent":false}],"labels":[{"name":"package","value":"com.newddsdiscounts.tests.DdsDiscounts"},{"name":"testClass","value":"com.newddsdiscounts.tests.DdsDiscounts"},{"name":"testMethod","value":"testDdsDiscounts"},{"name":"parentSuite","value":"Default Suite"},{"name":"suite","value":"newddsdiscounts"},{"name":"subSuite","value":"com.newddsdiscounts.tests.DdsDiscounts"},{"name":"host","value":"US4GSDM0FF14EML"},{"name":"thread","value":"41458@US4GSDM0FF14EML.main(1)"},{"name":"framework","value":"testng"},{"name":"language","value":"java"},{"name":"severity","value":"critical"},{"name":"resultFormat","value":"allure2"}],"parameters":[],"links":[],"hidden":true,"retry":true,"extra":{"categories":[],"tags":[]},"source":"b424fc94020feb82.json","parameterValues":[]}